=== Helix OTA §11.4.65 sibling export run — 2026-06-08T12:01:40Z ===
host: Darwin 24.5.0 arm64
pandoc: pandoc 3.9.0.2
weasyprint: WeasyPrint version 66.0

--- docs/research/main_specs/1.0.0-mvp/api/operational_endpoints.md ---
  HTML OK  -> docs/research/main_specs/1.0.0-mvp/api/operational_endpoints.html (85445 bytes)
WARNING: Ignored `text-rendering: optimizeLegibility` at 18:7, unknown property.
WARNING: Expected a media type, got '(max-width: 600px)'
WARNING: Invalid media type ' (max-width: 600px) ' the whole @media rule was ignored at 21:5.
WARNING: Ignored `overflow-x: auto` at 116:7, unknown property.
WARNING: Ignored `gap: min(4vw, 1.5em)` at 152:32, invalid value.
WARNING: Ignored `overflow-x: auto` at 153:28, unknown property.
WARNING: Ignored `user-select: none` at 191:32, unknown property.
ERROR: No anchor #1-purpose_and_scope for internal URI reference
ERROR: No anchor #2-inherited_conventions for internal URI reference
ERROR: No anchor #3-rbac_role_map_for_these_endpoints for internal URI reference
ERROR: No anchor #4-part_a_audit_subsystem for internal URI reference
ERROR: No anchor #41-audit_middleware_write_path for internal URI reference
ERROR: No anchor #42-append_audit_repo_method for internal URI reference
ERROR: No anchor #43-get_audit_query_endpoint for internal URI reference
ERROR: No anchor #5-part_b_telemetry_reads for internal URI reference
ERROR: No anchor #51-get_device_telemetry_history for internal URI reference
ERROR: No anchor #52-get_telemetry_overview_aggregates for internal URI reference
ERROR: No anchor #53-telemetry_read_repo_methods for internal URI reference
ERROR: No anchor #6-part_c_device_group_crud for internal URI reference
ERROR: No anchor #61-create_group for internal URI reference
ERROR: No anchor #62-list_and_read_groups for internal URI reference
ERROR: No anchor #63-update_and_delete_group for internal URI reference
ERROR: No anchor #64-membership_endpoints for internal URI reference
ERROR: No anchor #65-group_crud_repo_methods for internal URI reference
ERROR: No anchor #7-error_model_mapping for internal URI reference
ERROR: No anchor #8-status_code_summary for internal URI reference
ERROR: No anchor #9-testing_four_layer for internal URI reference
ERROR: No anchor #10-anti_bluff_unverified_register for internal URI reference
  PDF  OK  -> docs/research/main_specs/1.0.0-mvp/api/operational_endpoints.pdf (145003 bytes)
--- docs/research/main_specs/1.0.0-mvp/dashboard/dashboard_design.md ---
  HTML OK  -> docs/research/main_specs/1.0.0-mvp/dashboard/dashboard_design.html (53974 bytes)
WARNING: Ignored `text-rendering: optimizeLegibility` at 18:7, unknown property.
WARNING: Expected a media type, got '(max-width: 600px)'
WARNING: Invalid media type ' (max-width: 600px) ' the whole @media rule was ignored at 21:5.
WARNING: Ignored `overflow-x: auto` at 116:7, unknown property.
WARNING: Ignored `gap: min(4vw, 1.5em)` at 152:32, invalid value.
WARNING: Ignored `overflow-x: auto` at 153:28, unknown property.
ERROR: No anchor #1-purpose_and_scope for internal URI reference
ERROR: No anchor #2-conventions for internal URI reference
ERROR: No anchor #3-technology_stack_and_build for internal URI reference
ERROR: No anchor #4-component_architecture for internal URI reference
ERROR: No anchor #5-catalogue_brick_reuse for internal URI reference
ERROR: No anchor #6-route_map for internal URI reference
ERROR: No anchor #7-state_and_auth_context for internal URI reference
ERROR: No anchor #8-api_client_and_screen_endpoint_mapping for internal URI reference
ERROR: No anchor #9-screen_specifications for internal URI reference
ERROR: No anchor #91-login_screen for internal URI reference
ERROR: No anchor #92-artifact_upload_screen for internal URI reference
ERROR: No anchor #93-release_and_deployment_management for internal URI reference
ERROR: No anchor #94-fleet_health_and_telemetry_views for internal URI reference
ERROR: No anchor #10-security_considerations for internal URI reference
ERROR: No anchor #11-new_public_repository_plan for internal URI reference
ERROR: No anchor #12-testing_four_layer for internal URI reference
ERROR: No anchor #13-anti_bluff_unverified_register for internal URI reference
ERROR: No anchor #14-compliance_notes_helixconstitution for internal URI reference
  PDF  OK  -> docs/research/main_specs/1.0.0-mvp/dashboard/dashboard_design.pdf (94977 bytes)
--- docs/research/main_specs/1.0.0-mvp/security/validation_chain_order.md ---
  HTML OK  -> docs/research/main_specs/1.0.0-mvp/security/validation_chain_order.html (23133 bytes)
WARNING: Ignored `text-rendering: optimizeLegibility` at 18:7, unknown property.
WARNING: Expected a media type, got '(max-width: 600px)'
WARNING: Invalid media type ' (max-width: 600px) ' the whole @media rule was ignored at 21:5.
WARNING: Ignored `overflow-x: auto` at 116:7, unknown property.
WARNING: Ignored `gap: min(4vw, 1.5em)` at 152:32, invalid value.
WARNING: Ignored `overflow-x: auto` at 153:28, unknown property.
WARNING: Ignored `user-select: none` at 191:32, unknown property.
  PDF  OK  -> docs/research/main_specs/1.0.0-mvp/security/validation_chain_order.pdf (124063 bytes)
--- docs/research/main_specs/1.0.1-staged-rollout/rollout_engine.md ---
  HTML OK  -> docs/research/main_specs/1.0.1-staged-rollout/rollout_engine.html (66949 bytes)
WARNING: Ignored `text-rendering: optimizeLegibility` at 18:7, unknown property.
WARNING: Expected a media type, got '(max-width: 600px)'
WARNING: Invalid media type ' (max-width: 600px) ' the whole @media rule was ignored at 21:5.
WARNING: Ignored `overflow-x: auto` at 116:7, unknown property.
WARNING: Ignored `gap: min(4vw, 1.5em)` at 152:32, invalid value.
WARNING: Ignored `overflow-x: auto` at 153:28, unknown property.
WARNING: Ignored `user-select: none` at 191:32, unknown property.
ERROR: No anchor #1-purpose-and-scope for internal URI reference
ERROR: No anchor #2-reused-brick--real-api-surface for internal URI reference
ERROR: No anchor #3-percentage-phases-and-thresholds for internal URI reference
ERROR: No anchor #4-deterministic-cohort-assignment for internal URI reference
ERROR: No anchor #5-lifecycle-operations for internal URI reference
ERROR: No anchor #6-persistence--storage-port-over-postgres for internal URI reference
ERROR: No anchor #7-evaluation-loop-and-health-verdict for internal URI reference
ERROR: No anchor #8-rollout-rest-api-gin for internal URI reference
ERROR: No anchor #9-decoupling-and-catalogue-reuse for internal URI reference
ERROR: No anchor #10-testing-four-layer for internal URI reference
ERROR: No anchor #11-tuf-metadata-note-deferred for internal URI reference
ERROR: No anchor #12-anti-bluff--unverified-register for internal URI reference
  PDF  OK  -> docs/research/main_specs/1.0.1-staged-rollout/rollout_engine.pdf (173640 bytes)
--- docs/research/main_specs/1.0.1-staged-rollout/migration_002_design.md ---
  HTML OK  -> docs/research/main_specs/1.0.1-staged-rollout/migration_002_design.html (35949 bytes)
WARNING: Ignored `text-rendering: optimizeLegibility` at 18:7, unknown property.
WARNING: Expected a media type, got '(max-width: 600px)'
WARNING: Invalid media type ' (max-width: 600px) ' the whole @media rule was ignored at 21:5.
WARNING: Ignored `overflow-x: auto` at 116:7, unknown property.
WARNING: Ignored `gap: min(4vw, 1.5em)` at 152:32, invalid value.
WARNING: Ignored `overflow-x: auto` at 153:28, unknown property.
WARNING: Ignored `user-select: none` at 191:32, unknown property.
ERROR: No anchor #1-purpose-and-scope for internal URI reference
ERROR: No anchor #2-conventions-inherited-from-migration-001 for internal URI reference
ERROR: No anchor #3-table-designs for internal URI reference
ERROR: No anchor #31-deployment_phases for internal URI reference
ERROR: No anchor #32-rollouts for internal URI reference
ERROR: No anchor #33-rollback_history for internal URI reference
ERROR: No anchor #4-deployments-integration-no-breaking-change for internal URI reference
ERROR: No anchor #5-tuf-metadata-note-deferred--not-created for internal URI reference
ERROR: No anchor #6-updown-migration-design-and-validation for internal URI reference
ERROR: No anchor #7-mapping-to-the-engine-state-storage-port for internal URI reference
ERROR: No anchor #8-anti-bluff--unverified-register for internal URI reference
  PDF  OK  -> docs/research/main_specs/1.0.1-staged-rollout/migration_002_design.pdf (101251 bytes)
--- docs/research/main_specs/1.0.1-staged-rollout/README.md ---
  HTML OK  -> docs/research/main_specs/1.0.1-staged-rollout/README.html (10856 bytes)
WARNING: Ignored `text-rendering: optimizeLegibility` at 18:7, unknown property.
WARNING: Expected a media type, got '(max-width: 600px)'
WARNING: Invalid media type ' (max-width: 600px) ' the whole @media rule was ignored at 21:5.
WARNING: Ignored `overflow-x: auto` at 116:7, unknown property.
WARNING: Ignored `gap: min(4vw, 1.5em)` at 152:32, invalid value.
WARNING: Ignored `overflow-x: auto` at 153:28, unknown property.
ERROR: No anchor #1-goals for internal URI reference
ERROR: No anchor #2-staged-rollout-engine for internal URI reference
ERROR: No anchor #3-health-gated-halt--post-boot-health-window for internal URI reference
ERROR: No anchor #4-device-side-trust-tuf for internal URI reference
ERROR: No anchor #5-end-user-rollback for internal URI reference
ERROR: No anchor #6-data-model-deltas for internal URI reference
ERROR: No anchor #7-newchanged-components for internal URI reference
ERROR: No anchor #8-testing--evidence for internal URI reference
  PDF  OK  -> docs/research/main_specs/1.0.1-staged-rollout/README.pdf (34011 bytes)
--- docs/research/main_specs/1.0.2-rollback/README.md ---
  HTML OK  -> docs/research/main_specs/1.0.2-rollback/README.html (20341 bytes)
WARNING: Ignored `text-rendering: optimizeLegibility` at 18:7, unknown property.
WARNING: Expected a media type, got '(max-width: 600px)'
WARNING: Invalid media type ' (max-width: 600px) ' the whole @media rule was ignored at 21:5.
WARNING: Ignored `overflow-x: auto` at 116:7, unknown property.
WARNING: Ignored `gap: min(4vw, 1.5em)` at 152:32, invalid value.
WARNING: Ignored `overflow-x: auto` at 153:28, unknown property.
ERROR: No anchor #1-scope for internal URI reference
ERROR: No anchor #2-source_research for internal URI reference
ERROR: No anchor #3-reconciliation_to_locked_decisions for internal URI reference
ERROR: No anchor #4-rollback_trigger_types for internal URI reference
ERROR: No anchor #5-merge_window_and_data_safety_invariants for internal URI reference
ERROR: No anchor #6-api_and_data_model_surface for internal URI reference
ERROR: No anchor #7-scope_boundary_vs_1_0_1 for internal URI reference
ERROR: No anchor #8-what_must_be_specced_before_this_phase_starts for internal URI reference
ERROR: No anchor #9-anti_bluff_unverified_register for internal URI reference
  PDF  OK  -> docs/research/main_specs/1.0.2-rollback/README.pdf (56996 bytes)
--- docs/research/main_specs/1.0.3-delta-updates/README.md ---
  HTML OK  -> docs/research/main_specs/1.0.3-delta-updates/README.html (17475 bytes)
WARNING: Ignored `text-rendering: optimizeLegibility` at 18:7, unknown property.
WARNING: Expected a media type, got '(max-width: 600px)'
WARNING: Invalid media type ' (max-width: 600px) ' the whole @media rule was ignored at 21:5.
WARNING: Ignored `overflow-x: auto` at 116:7, unknown property.
WARNING: Ignored `gap: min(4vw, 1.5em)` at 152:32, invalid value.
WARNING: Ignored `overflow-x: auto` at 153:28, unknown property.
ERROR: No anchor #1-scope for internal URI reference
ERROR: No anchor #2-source_research for internal URI reference
ERROR: No anchor #3-reconciliation_to_locked_decisions for internal URI reference
ERROR: No anchor #4-delta_strategy_and_fallback for internal URI reference
ERROR: No anchor #5-generation_storage_and_selection for internal URI reference
ERROR: No anchor #6-what_must_be_specced_before_this_phase_starts for internal URI reference
ERROR: No anchor #7-anti_bluff_unverified_register for internal URI reference
  PDF  OK  -> docs/research/main_specs/1.0.3-delta-updates/README.pdf (49524 bytes)
--- docs/research/main_specs/research/additions_synthesis.md ---
  HTML OK  -> docs/research/main_specs/research/additions_synthesis.html (33817 bytes)
WARNING: Ignored `text-rendering: optimizeLegibility` at 18:7, unknown property.
WARNING: Expected a media type, got '(max-width: 600px)'
WARNING: Invalid media type ' (max-width: 600px) ' the whole @media rule was ignored at 21:5.
WARNING: Ignored `overflow-x: auto` at 116:7, unknown property.
WARNING: Ignored `gap: min(4vw, 1.5em)` at 152:32, invalid value.
WARNING: Ignored `overflow-x: auto` at 153:28, unknown property.
ERROR: No anchor #1-purpose--method for internal URI reference
ERROR: No anchor #2-source-inventory for internal URI reference
ERROR: No anchor #3-points-of-agreement-high-confidence-inputs for internal URI reference
ERROR: No anchor #4-extracted-reusable-elements--destination for internal URI reference
ERROR: No anchor #5-contradictions--resolutions for internal URI reference
ERROR: No anchor #6-corrections-of-factualguessed-claims for internal URI reference
ERROR: No anchor #7-open-questions-routed-to-research-adrs for internal URI reference
ERROR: No anchor #8-consolidated-gap-register-all-three-inputs for internal URI reference
ERROR: No anchor #9-new-work-items-routed-to-specsphases for internal URI reference
ERROR: No anchor #10-addition-3-conflict-reconciliation-locked-side-wins for internal URI reference
ERROR: No anchor #11-future-phase-research-catalogue--versioned-dirs for internal URI reference
ERROR: No anchor #12-anti-bluff--unverified-register for internal URI reference
  PDF  OK  -> docs/research/main_specs/research/additions_synthesis.pdf (75402 bytes)
--- docs/research/main_specs/research/repo_audit.md ---
  HTML OK  -> docs/research/main_specs/research/repo_audit.html (15554 bytes)
WARNING: Ignored `text-rendering: optimizeLegibility` at 18:7, unknown property.
WARNING: Expected a media type, got '(max-width: 600px)'
WARNING: Invalid media type ' (max-width: 600px) ' the whole @media rule was ignored at 21:5.
WARNING: Ignored `overflow-x: auto` at 116:7, unknown property.
WARNING: Ignored `gap: min(4vw, 1.5em)` at 152:32, invalid value.
WARNING: Ignored `overflow-x: auto` at 153:28, unknown property.
  PDF  OK  -> docs/research/main_specs/research/repo_audit.pdf (71938 bytes)
--- docs/research/main_specs/research/additions_analysis/01_analysis.md ---
  HTML OK  -> docs/research/main_specs/research/additions_analysis/01_analysis.html (46349 bytes)
WARNING: Ignored `text-rendering: optimizeLegibility` at 18:7, unknown property.
WARNING: Expected a media type, got '(max-width: 600px)'
WARNING: Invalid media type ' (max-width: 600px) ' the whole @media rule was ignored at 21:5.
WARNING: Ignored `overflow-x: auto` at 116:7, unknown property.
WARNING: Ignored `gap: min(4vw, 1.5em)` at 152:32, invalid value.
WARNING: Ignored `overflow-x: auto` at 153:28, unknown property.
ERROR: No anchor #1-purpose-and-method for internal URI reference
ERROR: No anchor #2-coverage-legend for internal URI reference
ERROR: No anchor #3-source-decomposition-summary for internal URI reference
ERROR: No anchor #4-requirement-inventory for internal URI reference
ERROR: No anchor #5-conflicts-with-locked-decisions-and-adrs for internal URI reference
ERROR: No anchor #6-unverified-claims-in-the-draft for internal URI reference
ERROR: No anchor #7-gap-rollup-missing-and-partial for internal URI reference
  PDF  OK  -> docs/research/main_specs/research/additions_analysis/01_analysis.pdf (83805 bytes)
--- docs/research/main_specs/research/additions_analysis/02_analysis.md ---
  HTML OK  -> docs/research/main_specs/research/additions_analysis/02_analysis.html (50285 bytes)
WARNING: Ignored `text-rendering: optimizeLegibility` at 18:7, unknown property.
WARNING: Expected a media type, got '(max-width: 600px)'
WARNING: Invalid media type ' (max-width: 600px) ' the whole @media rule was ignored at 21:5.
WARNING: Ignored `overflow-x: auto` at 116:7, unknown property.
WARNING: Ignored `gap: min(4vw, 1.5em)` at 152:32, invalid value.
WARNING: Ignored `overflow-x: auto` at 153:28, unknown property.
ERROR: No anchor #1-purpose_and_method for internal URI reference
ERROR: No anchor #2-coverage_summary for internal URI reference
ERROR: No anchor #3-conflicts_with_locked_decisions for internal URI reference
ERROR: No anchor #4-requirement_inventory for internal URI reference
ERROR: No anchor #41-research_existing_systems-draft-1 for internal URI reference
ERROR: No anchor #42-android15_ota_mechanism-draft-2 for internal URI reference
ERROR: No anchor #43-architecture-draft-3 for internal URI reference
ERROR: No anchor #44-database_schema-draft-4 for internal URI reference
ERROR: No anchor #45-api_specifications-draft-5 for internal URI reference
ERROR: No anchor #46-phased_rollout-draft-6 for internal URI reference
ERROR: No anchor #47-security_model-draft-7 for internal URI reference
ERROR: No anchor #48-testing_strategy-draft-8 for internal URI reference
ERROR: No anchor #49-infrastructure_deployment-draft-9 for internal URI reference
ERROR: No anchor #410-android_client-draft-10 for internal URI reference
ERROR: No anchor #411-future_os_support-draft-11 for internal URI reference
ERROR: No anchor #412-roadmap-draft-12 for internal URI reference
ERROR: No anchor #413-reusable_components-draft-13 for internal URI reference
ERROR: No anchor #414-success_factors-draft-14 for internal URI reference
ERROR: No anchor #5-unverified_register for internal URI reference
ERROR: No anchor #6-sources for internal URI reference
  PDF  OK  -> docs/research/main_specs/research/additions_analysis/02_analysis.pdf (92377 bytes)
--- docs/research/main_specs/research/additions_analysis/03_analysis.md ---
  HTML OK  -> docs/research/main_specs/research/additions_analysis/03_analysis.html (47225 bytes)
WARNING: Ignored `text-rendering: optimizeLegibility` at 18:7, unknown property.
WARNING: Expected a media type, got '(max-width: 600px)'
WARNING: Invalid media type ' (max-width: 600px) ' the whole @media rule was ignored at 21:5.
WARNING: Ignored `overflow-x: auto` at 116:7, unknown property.
WARNING: Ignored `gap: min(4vw, 1.5em)` at 152:32, invalid value.
WARNING: Ignored `overflow-x: auto` at 153:28, unknown property.
ERROR: No anchor #1-method-and-evidence-base for internal URI reference
ERROR: No anchor #2-document-inventory for internal URI reference
ERROR: No anchor #3-requirement-inventory-table for internal URI reference
ERROR: No anchor #4-conflicts-with-locked-decisions-and-the-built-server for internal URI reference
ERROR: No anchor #5-reconciling-the-additions-code_review-against-the-actual-build for internal URI reference
ERROR: No anchor #6-future-phase-catalogue for internal URI reference
ERROR: No anchor #7-folding-actions-summary for internal URI reference
  PDF  OK  -> docs/research/main_specs/research/additions_analysis/03_analysis.pdf (124104 bytes)

=== TOTALS: html_ok=13 html_fail=0 pdf_ok=13 pdf_fail=0 ===
=== physical verification (file type + size) ===
docs/research/main_specs/1.0.0-mvp/api/operational_endpoints.html              HTML document text, Unicode text, UTF-8 
docs/research/main_specs/1.0.0-mvp/api/operational_endpoints.pdf               PDF document, version 1.7
docs/research/main_specs/1.0.0-mvp/dashboard/dashboard_design.html             HTML document text, Unicode text, UTF-8 
docs/research/main_specs/1.0.0-mvp/dashboard/dashboard_design.pdf              PDF document, version 1.7
docs/research/main_specs/1.0.0-mvp/security/validation_chain_order.html        HTML document text, Unicode text, UTF-8 
docs/research/main_specs/1.0.0-mvp/security/validation_chain_order.pdf         PDF document, version 1.7
docs/research/main_specs/1.0.1-staged-rollout/rollout_engine.html              HTML document text, Unicode text, UTF-8 
docs/research/main_specs/1.0.1-staged-rollout/rollout_engine.pdf               PDF document, version 1.7
docs/research/main_specs/1.0.1-staged-rollout/migration_002_design.html        HTML document text, Unicode text, UTF-8 
docs/research/main_specs/1.0.1-staged-rollout/migration_002_design.pdf         PDF document, version 1.7
docs/research/main_specs/1.0.1-staged-rollout/README.html                      HTML document text, Unicode text, UTF-8 
docs/research/main_specs/1.0.1-staged-rollout/README.pdf                       PDF document, version 1.7
docs/research/main_specs/1.0.2-rollback/README.html                            HTML document text, Unicode text, UTF-8 
docs/research/main_specs/1.0.2-rollback/README.pdf                             PDF document, version 1.7
docs/research/main_specs/1.0.3-delta-updates/README.html                       HTML document text, Unicode text, UTF-8 
docs/research/main_specs/1.0.3-delta-updates/README.pdf                        PDF document, version 1.7
docs/research/main_specs/research/additions_synthesis.html                     HTML document text, Unicode text, UTF-8 
docs/research/main_specs/research/additions_synthesis.pdf                      PDF document, version 1.7
docs/research/main_specs/research/repo_audit.html                              HTML document text, Unicode text, UTF-8 
docs/research/main_specs/research/repo_audit.pdf                               PDF document, version 1.7
docs/research/main_specs/research/additions_analysis/01_analysis.html          HTML document text, Unicode text, UTF-8 
docs/research/main_specs/research/additions_analysis/01_analysis.pdf           PDF document, version 1.7
docs/research/main_specs/research/additions_analysis/02_analysis.html          HTML document text, Unicode text, UTF-8 
docs/research/main_specs/research/additions_analysis/02_analysis.pdf           PDF document, version 1.7
docs/research/main_specs/research/additions_analysis/03_analysis.html          HTML document text, Unicode text, UTF-8 
docs/research/main_specs/research/additions_analysis/03_analysis.pdf           PDF document, version 1.7
--- counts ---
html siblings: 13
pdf  siblings: 13
