==============================================================
BRICK: ota-protocol
Root: /Volumes/T7/Projects/helix_ota/submodules/ota-protocol
Date: 2026-06-08T16:23:32Z
go: go version go1.26.2 darwin/arm64
module: module github.com/HelixDevelopment/ota-protocol
==============================================================
----- go build ./... -----
[build exit=0]
----- go vet ./... -----
[vet exit=0]
----- gofmt -l . -----
[gofmt exit=0]
----- go test ./... -count=1 -----
ok  	github.com/HelixDevelopment/ota-protocol	0.495s
[test exit=0]

==============================================================
BRICK: ota-telemetry-schema
Root: /Volumes/T7/Projects/helix_ota/submodules/ota-telemetry-schema
Date: 2026-06-08T16:23:39Z
module: module github.com/HelixDevelopment/ota-telemetry-schema
==============================================================
----- go build ./... -----
[build exit=0]
----- go vet ./... -----
[vet exit=0]
----- gofmt -l . -----
[gofmt exit=0]
----- go test ./... -count=1 -----
ok  	github.com/HelixDevelopment/ota-telemetry-schema	0.575s
[test exit=0]

==============================================================
BRICK: ota-artifact-validator
Root: /Volumes/T7/Projects/helix_ota/submodules/ota-artifact-validator
Date: 2026-06-08T16:23:47Z
module: module github.com/HelixDevelopment/ota-artifact-validator
==============================================================
----- go build ./... -----
[build exit=0]
----- go vet ./... -----
[vet exit=0]
----- gofmt -l . -----
[gofmt exit=0]
----- go test ./... -count=1 -----
ok  	github.com/HelixDevelopment/ota-artifact-validator	0.260s
[test exit=0]

==============================================================
BRICK: ota-rollout-engine
Root: /Volumes/T7/Projects/helix_ota/submodules/ota-rollout-engine
Date: 2026-06-08T16:23:58Z
module: module github.com/HelixDevelopment/ota-rollout-engine
==============================================================
----- go build ./... -----
[build exit=0]
----- go vet ./... -----
[vet exit=0]
----- gofmt -l . -----
[gofmt exit=0]
----- go test ./... -count=1 -----
ok  	github.com/HelixDevelopment/ota-rollout-engine	0.891s
[test exit=0]

==============================================================
BRICK: http3
Root: /Volumes/T7/Projects/helix_ota/submodules/http3
Date: 2026-06-08T16:24:07Z
module: module digital.vasic.http3
==============================================================
----- go build ./... -----
[build exit=0]
----- go vet ./... -----
[vet exit=0]
----- gofmt -l . -----
internal/testcert/testcert.go
pkg/server/server.go
pkg/server/server_test.go
[gofmt exit=0]
----- go test ./... -count=1 -----
?   	digital.vasic.http3/internal/testcert	[no test files]
ok  	digital.vasic.http3/pkg/server	1.343s
[test exit=0]

==============================================================
SUMMARY TABLE  (generated 2026-06-08T16:24:22Z)
==============================================================
brick                   | build | vet   | gofmt                          | tests
------------------------+-------+-------+--------------------------------+--------------------------
ota-protocol            | PASS  | clean | clean                          | ok (0.495s)
ota-telemetry-schema    | PASS  | clean | clean                          | ok (0.575s)
ota-artifact-validator  | PASS  | clean | clean                          | ok (0.260s)
ota-rollout-engine      | PASS  | clean | clean                          | ok (0.891s)
http3                   | PASS  | clean | 3 files unformatted             | ok (1.343s; 1 pkg no tests)

http3 gofmt -l . (UNCLEAN) files:
  internal/testcert/testcert.go
  pkg/server/server.go
  pkg/server/server_test.go
No source was modified; nothing committed.
