=== md-coverage-sweep 2026-06-08T15:34:23Z ===
pandoc: pandoc 3.9.0.2
weasyprint: WeasyPrint version 66.0

--- candidate status (md / html-exists / html>=md) ---
NO-HTML-GEN        docs/research/main_specs/00-master/2026-06-07-helix-ota-design.md
NO-HTML-GEN        docs/research/main_specs/00-master/adr_index.md
NO-HTML-GEN        docs/research/main_specs/00-master/diagrams/README.md
NO-HTML-GEN        docs/research/main_specs/00-master/documentation_standards.md
NO-HTML-GEN        docs/research/main_specs/00-master/export_pipeline.md
NO-HTML-GEN        docs/research/main_specs/00-master/glossary.md
NO-HTML-GEN        docs/research/main_specs/00-master/requirements_traceability.md
NO-HTML-GEN        docs/research/main_specs/00-master/submodule_reuse_map.md
HTML-CURRENT-SKIP  docs/research/main_specs/00-master/threat_model.md
NO-HTML-GEN        docs/research/main_specs/1.0.0-mvp/VALIDATION_EVIDENCE.md
NO-HTML-GEN        docs/research/main_specs/1.0.0-mvp/api/endpoints.md
HTML-CURRENT-SKIP  docs/research/main_specs/1.0.0-mvp/api/implemented_endpoints.md
HTML-CURRENT-SKIP  docs/research/main_specs/1.0.0-mvp/api/operational_endpoints.md
HTML-CURRENT-SKIP  docs/research/main_specs/1.0.0-mvp/api/spec_impl_alignment.md
NO-HTML-GEN        docs/research/main_specs/1.0.0-mvp/client_android/build_integration.md
NO-HTML-GEN        docs/research/main_specs/1.0.0-mvp/client_android/integration_guide.md
NO-HTML-GEN        docs/research/main_specs/1.0.0-mvp/client_android/update_engine_integration.md
HTML-CURRENT-SKIP  docs/research/main_specs/1.0.0-mvp/dashboard/dashboard_design.md
NO-HTML-GEN        docs/research/main_specs/1.0.0-mvp/database/schema.md
NO-HTML-GEN        docs/research/main_specs/1.0.0-mvp/deployment/minio_setup.md
NO-HTML-GEN        docs/research/main_specs/1.0.0-mvp/deployment/overview.md
NO-HTML-GEN        docs/research/main_specs/1.0.0-mvp/security/key_management.md
NO-HTML-GEN        docs/research/main_specs/1.0.0-mvp/security/signing_verification.md
NO-HTML-GEN        docs/research/main_specs/1.0.0-mvp/security/transport_security.md
HTML-CURRENT-SKIP  docs/research/main_specs/1.0.0-mvp/security/validation_chain_order.md
NO-HTML-GEN        docs/research/main_specs/1.0.0-mvp/server/architecture.md
NO-HTML-GEN        docs/research/main_specs/1.0.0-mvp/server/artifact_validation.md
NO-HTML-GEN        docs/research/main_specs/1.0.0-mvp/server/telemetry_processing.md
NO-HTML-GEN        docs/research/main_specs/1.0.0-mvp/tests/test_strategy.md
HTML-CURRENT-SKIP  docs/research/main_specs/1.0.1-staged-rollout/README.md
HTML-CURRENT-SKIP  docs/research/main_specs/1.0.1-staged-rollout/device_tuf.md
HTML-CURRENT-SKIP  docs/research/main_specs/1.0.1-staged-rollout/device_tuf_client_decision.md
HTML-CURRENT-SKIP  docs/research/main_specs/1.0.1-staged-rollout/migration_002_design.md
HTML-CURRENT-SKIP  docs/research/main_specs/1.0.1-staged-rollout/rollback_ux.md
HTML-CURRENT-SKIP  docs/research/main_specs/1.0.1-staged-rollout/rollout_engine.md
HTML-CURRENT-SKIP  docs/research/main_specs/1.0.2-rollback/README.md
HTML-CURRENT-SKIP  docs/research/main_specs/1.0.3-delta-updates/README.md
HTML-CURRENT-SKIP  docs/research/main_specs/1.0.3-delta-updates/delta_updates_design.md
NO-HTML-GEN        docs/research/main_specs/1.X-linux/README.md
NO-HTML-GEN        docs/research/main_specs/1.X-other-os/README.md
NO-HTML-GEN        docs/research/main_specs/1.X-windows/README.md
NO-HTML-GEN        docs/research/main_specs/CONTINUATION.md
NO-HTML-GEN        docs/research/main_specs/README.md
HTML-CURRENT-SKIP  docs/research/main_specs/research/additions_analysis/01_analysis.md
HTML-CURRENT-SKIP  docs/research/main_specs/research/additions_analysis/02_analysis.md
HTML-CURRENT-SKIP  docs/research/main_specs/research/additions_analysis/03_analysis.md
HTML-CURRENT-SKIP  docs/research/main_specs/research/additions_synthesis.md
NO-HTML-GEN        docs/research/main_specs/research/adr/adr-0001-wrapped-engine.md
NO-HTML-GEN        docs/research/main_specs/research/adr/adr-0002-supply-chain-trust.md
NO-HTML-GEN        docs/research/main_specs/research/adr/adr-0003-server-topology.md
NO-HTML-GEN        docs/research/main_specs/research/adr/adr-0004-transport.md
NO-HTML-GEN        docs/research/main_specs/research/adr/adr-0005-delta-updates.md
NO-HTML-GEN        docs/research/main_specs/research/ota_landscape_report.md
HTML-CURRENT-SKIP  docs/research/main_specs/research/repo_audit.md
NO-HTML-GEN        docs/research/main_specs/research/stacks/android-avb-rollback.md
NO-HTML-GEN        docs/research/main_specs/research/stacks/android-update-engine-api.md
NO-HTML-GEN        docs/research/main_specs/research/stacks/android15-virtual-ab.md
NO-HTML-GEN        docs/research/main_specs/research/stacks/aosp-update-engine.md
NO-HTML-GEN        docs/research/main_specs/research/stacks/commercial-oss-fleet.md
NO-HTML-GEN        docs/research/main_specs/research/stacks/eclipse-hawkbit.md
NO-HTML-GEN        docs/research/main_specs/research/stacks/mender.md
NO-HTML-GEN        docs/research/main_specs/research/stacks/ostree.md
NO-HTML-GEN        docs/research/main_specs/research/stacks/rauc.md
NO-HTML-GEN        docs/research/main_specs/research/stacks/swupdate.md
NO-HTML-GEN        docs/research/main_specs/research/stacks/tuf-go-tuf.md
NO-HTML-GEN        docs/research/main_specs/research/stacks/uptane.md

--- generation 2026-06-08T15:34:34Z ---
>>> docs/research/main_specs/00-master/2026-06-07-helix-ota-design.md
  pandoc OK -> docs/research/main_specs/00-master/2026-06-07-helix-ota-design.html
WARNING: Ignored `text-rendering: optimizeLegibility` at 18:7, unknown property.
WARNING: Expected a media type, got '(max-width: 600px)'
WARNING: Invalid media type ' (max-width: 600px) ' the whole @media rule was ignored at 21:5.
WARNING: Ignored `overflow-x: auto` at 116:7, unknown property.
WARNING: Ignored `gap: min(4vw, 1.5em)` at 152:32, invalid value.
WARNING: Ignored `overflow-x: auto` at 153:28, unknown property.
ERROR: No anchor #1-vision-scope-and-non-goals for internal URI reference
ERROR: No anchor #2-locked-decisions for internal URI reference
ERROR: No anchor #3-mandated-technology-stack for internal URI reference
ERROR: No anchor #4-system-architecture for internal URI reference
ERROR: No anchor #5-100-mvp-definition for internal URI reference
ERROR: No anchor #6-security--trust-model for internal URI reference
ERROR: No anchor #7-data-model-overview for internal URI reference
ERROR: No anchor #8-staged-rollout-engine for internal URI reference
ERROR: No anchor #9-telemetry--observability for internal URI reference
ERROR: No anchor #10-submodule-reuse--new-repositories for internal URI reference
ERROR: No anchor #11-phasing--directory-layout for internal URI reference
ERROR: No anchor #12-documentation--multi-format-export for internal URI reference
ERROR: No anchor #13-testing-strategy-four-layer for internal URI reference
ERROR: No anchor #14-execution-model for internal URI reference
ERROR: No anchor #15-constitution-compliance-map for internal URI reference
ERROR: No anchor #16-architecture-decision-records-open for internal URI reference
  weasyprint OK -> docs/research/main_specs/00-master/2026-06-07-helix-ota-design.pdf
>>> docs/research/main_specs/00-master/adr_index.md
  pandoc OK -> docs/research/main_specs/00-master/adr_index.html
WARNING: Ignored `text-rendering: optimizeLegibility` at 18:7, unknown property.
WARNING: Expected a media type, got '(max-width: 600px)'
WARNING: Invalid media type ' (max-width: 600px) ' the whole @media rule was ignored at 21:5.
WARNING: Ignored `overflow-x: auto` at 116:7, unknown property.
WARNING: Ignored `gap: min(4vw, 1.5em)` at 152:32, invalid value.
WARNING: Ignored `overflow-x: auto` at 153:28, unknown property.
ERROR: No anchor #3-adr-register for internal URI reference
ERROR: No anchor #1-purpose-and-scope for internal URI reference
ERROR: No anchor #2-how-to-read-this-index for internal URI reference
ERROR: No anchor #3-adr-register for internal URI reference
ERROR: No anchor #4-the-through-line for internal URI reference
ERROR: No anchor #5-modules-referenced-by-these-adrs for internal URI reference
ERROR: No anchor #6-anti-bluff-notes for internal URI reference
ERROR: No anchor #6-anti-bluff-notes for internal URI reference
ERROR: No anchor #3-adr-register for internal URI reference
  weasyprint OK -> docs/research/main_specs/00-master/adr_index.pdf
>>> docs/research/main_specs/00-master/diagrams/README.md
  pandoc OK -> docs/research/main_specs/00-master/diagrams/README.html
WARNING: Ignored `text-rendering: optimizeLegibility` at 18:7, unknown property.
WARNING: Expected a media type, got '(max-width: 600px)'
WARNING: Invalid media type ' (max-width: 600px) ' the whole @media rule was ignored at 21:5.
WARNING: Ignored `overflow-x: auto` at 116:7, unknown property.
WARNING: Ignored `gap: min(4vw, 1.5em)` at 152:32, invalid value.
WARNING: Ignored `overflow-x: auto` at 153:28, unknown property.
WARNING: Ignored `user-select: none` at 191:32, unknown property.
ERROR: No anchor #1-purpose-and-scope for internal URI reference
ERROR: No anchor #2-diagram-catalogue for internal URI reference
ERROR: No anchor #3-rendering-and-export for internal URI reference
ERROR: No anchor #4-validation-status for internal URI reference
ERROR: No anchor #5-consistency-with-the-committed-specs for internal URI reference
ERROR: No anchor #6-anti-bluff--unverified-register for internal URI reference
ERROR: No anchor #7-sources for internal URI reference
  weasyprint OK -> docs/research/main_specs/00-master/diagrams/README.pdf
>>> docs/research/main_specs/00-master/documentation_standards.md
  pandoc OK -> docs/research/main_specs/00-master/documentation_standards.html
WARNING: Ignored `text-rendering: optimizeLegibility` at 18:7, unknown property.
WARNING: Expected a media type, got '(max-width: 600px)'
WARNING: Invalid media type ' (max-width: 600px) ' the whole @media rule was ignored at 21:5.
WARNING: Ignored `overflow-x: auto` at 116:7, unknown property.
WARNING: Ignored `gap: min(4vw, 1.5em)` at 152:32, invalid value.
WARNING: Ignored `overflow-x: auto` at 153:28, unknown property.
ERROR: No anchor #1-purpose-and-scope for internal URI reference
ERROR: No anchor #2-mandatory-metadata-table for internal URI reference
ERROR: No anchor #3-table-of-contents-requirement for internal URI reference
ERROR: No anchor #4-file-naming for internal URI reference
ERROR: No anchor #5-multi-format-export-targets for internal URI reference
ERROR: No anchor #6-diagram-conventions for internal URI reference
ERROR: No anchor #7-cross-reference-style for internal URI reference
ERROR: No anchor #8-anti-bluff-and-unverified-convention for internal URI reference
ERROR: No anchor #9-submodule-catalogue-canonical-names for internal URI reference
ERROR: No anchor #10-authoring-checklist for internal URI reference
  weasyprint OK -> docs/research/main_specs/00-master/documentation_standards.pdf
>>> docs/research/main_specs/00-master/export_pipeline.md
  pandoc OK -> docs/research/main_specs/00-master/export_pipeline.html
WARNING: Ignored `text-rendering: optimizeLegibility` at 18:7, unknown property.
WARNING: Expected a media type, got '(max-width: 600px)'
WARNING: Invalid media type ' (max-width: 600px) ' the whole @media rule was ignored at 21:5.
WARNING: Ignored `overflow-x: auto` at 116:7, unknown property.
WARNING: Ignored `gap: min(4vw, 1.5em)` at 152:32, invalid value.
WARNING: Ignored `overflow-x: auto` at 153:28, unknown property.
ERROR: No anchor #1-goal--constitution-basis for internal URI reference
ERROR: No anchor #2-tooling--verified-host-capabilities for internal URI reference
ERROR: No anchor #3-the-script for internal URI reference
ERROR: No anchor #4-live-run--real-captured-evidence for internal URI reference
ERROR: No anchor #5-format-coverage-matrix-honest-status for internal URI reference
ERROR: No anchor #6-making-pdf--drawio--uml-render for internal URI reference
  weasyprint OK -> docs/research/main_specs/00-master/export_pipeline.pdf
>>> docs/research/main_specs/00-master/glossary.md
  pandoc OK -> docs/research/main_specs/00-master/glossary.html
WARNING: Ignored `text-rendering: optimizeLegibility` at 18:7, unknown property.
WARNING: Expected a media type, got '(max-width: 600px)'
WARNING: Invalid media type ' (max-width: 600px) ' the whole @media rule was ignored at 21:5.
WARNING: Ignored `overflow-x: auto` at 116:7, unknown property.
WARNING: Ignored `gap: min(4vw, 1.5em)` at 152:32, invalid value.
WARNING: Ignored `overflow-x: auto` at 153:28, unknown property.
ERROR: No anchor #1-scope-and-conventions for internal URI reference
ERROR: No anchor #2-update-mechanism-and-lifecycle-terms for internal URI reference
ERROR: No anchor #3-android-device-side-terms for internal URI reference
ERROR: No anchor #4-rollout-and-campaign-terms for internal URI reference
ERROR: No anchor #5-server-agent-and-artifact-terms for internal URI reference
ERROR: No anchor #6-supply-chain-trust-terms-tuf--uptane for internal URI reference
ERROR: No anchor #7-transport-compression-and-delivery-terms for internal URI reference
ERROR: No anchor #8-platform-storage-and-observability-terms for internal URI reference
ERROR: No anchor #9-submodule-catalogue-canonical-names for internal URI reference
ERROR: No anchor #10-cross-references for internal URI reference
ERROR: No anchor #9-submodule-catalogue-canonical-names for internal URI reference
ERROR: No anchor #6-supply-chain-trust-terms-tuf--uptane for internal URI reference
  weasyprint OK -> docs/research/main_specs/00-master/glossary.pdf
>>> docs/research/main_specs/00-master/requirements_traceability.md
  pandoc OK -> docs/research/main_specs/00-master/requirements_traceability.html
WARNING: Ignored `text-rendering: optimizeLegibility` at 18:7, unknown property.
WARNING: Expected a media type, got '(max-width: 600px)'
WARNING: Invalid media type ' (max-width: 600px) ' the whole @media rule was ignored at 21:5.
WARNING: Ignored `overflow-x: auto` at 116:7, unknown property.
WARNING: Ignored `gap: min(4vw, 1.5em)` at 152:32, invalid value.
WARNING: Ignored `overflow-x: auto` at 153:28, unknown property.
ERROR: No anchor #1-scope-sources-and-method for internal URI reference
ERROR: No anchor #2-legend-and-status-definitions for internal URI reference
ERROR: No anchor #3-verified-submodule-catalogue-reuse-only-allowlist for internal URI reference
ERROR: No anchor #4-phase-map for internal URI reference
ERROR: No anchor #5-requirements-traceability-matrix for internal URI reference
ERROR: No anchor #51-technology-stack--transport for internal URI reference
ERROR: No anchor #52-upload-validation--artifact-safety for internal URI reference
ERROR: No anchor #53-device-update-lifecycle-poll--download--verify--install for internal URI reference
ERROR: No anchor #54-corruption-safety--rollback for internal URI reference
ERROR: No anchor #55-staged-rollout for internal URI reference
ERROR: No anchor #56-telemetry-tracking--reporting for internal URI reference
ERROR: No anchor #57-multi-os-coverage-present--future for internal URI reference
ERROR: No anchor #58-documentation--multi-format-export for internal URI reference
ERROR: No anchor #59-containerization--infrastructure for internal URI reference
ERROR: No anchor #510-submodule-reuse--new-public-repositories for internal URI reference
ERROR: No anchor #511-governance-constitution-code-review-gates-testing for internal URI reference
ERROR: No anchor #512-phasing--directory-organization for internal URI reference
ERROR: No anchor #6-coverage-summary-by-status for internal URI reference
ERROR: No anchor #7-open-adr-dependencies-affecting-status for internal URI reference
ERROR: No anchor #8-anti-bluff-statement for internal URI reference
  weasyprint OK -> docs/research/main_specs/00-master/requirements_traceability.pdf
>>> docs/research/main_specs/00-master/submodule_reuse_map.md
  pandoc OK -> docs/research/main_specs/00-master/submodule_reuse_map.html
WARNING: Ignored `text-rendering: optimizeLegibility` at 18:7, unknown property.
WARNING: Expected a media type, got '(max-width: 600px)'
WARNING: Invalid media type ' (max-width: 600px) ' the whole @media rule was ignored at 21:5.
WARNING: Ignored `overflow-x: auto` at 116:7, unknown property.
WARNING: Ignored `gap: min(4vw, 1.5em)` at 152:32, invalid value.
WARNING: Ignored `overflow-x: auto` at 153:28, unknown property.
ERROR: No anchor #1-purpose-and-scope for internal URI reference
ERROR: No anchor #2-legend-and-conventions for internal URI reference
ERROR: No anchor #3-component--submodule-reuse-map for internal URI reference
ERROR: No anchor #4-new-submodules-decoupled-boundaries for internal URI reference
ERROR: No anchor #5-upstream-additions-summary for internal URI reference
ERROR: No anchor #6-catalogue-first-compliance for internal URI reference
ERROR: No anchor #7-anti-bluff-notes for internal URI reference
  weasyprint OK -> docs/research/main_specs/00-master/submodule_reuse_map.pdf
>>> docs/research/main_specs/1.0.0-mvp/VALIDATION_EVIDENCE.md
  pandoc OK -> docs/research/main_specs/1.0.0-mvp/VALIDATION_EVIDENCE.html
WARNING: Ignored `text-rendering: optimizeLegibility` at 18:7, unknown property.
WARNING: Expected a media type, got '(max-width: 600px)'
WARNING: Invalid media type ' (max-width: 600px) ' the whole @media rule was ignored at 21:5.
WARNING: Ignored `overflow-x: auto` at 116:7, unknown property.
WARNING: Ignored `gap: min(4vw, 1.5em)` at 152:32, invalid value.
WARNING: Ignored `overflow-x: auto` at 153:28, unknown property.
ERROR: No anchor #1-openapi-31--redocly-lint for internal URI reference
ERROR: No anchor #2-postgresql-migrations--applied-to-a-live-server for internal URI reference
ERROR: No anchor #3-kubernetes-manifests--kubeconform for internal URI reference
ERROR: No anchor #4-docker-compose--yaml-parse for internal URI reference
ERROR: No anchor #5-tool-versions--host for internal URI reference
  weasyprint OK -> docs/research/main_specs/1.0.0-mvp/VALIDATION_EVIDENCE.pdf
>>> docs/research/main_specs/1.0.0-mvp/api/endpoints.md
  pandoc OK -> docs/research/main_specs/1.0.0-mvp/api/endpoints.html
WARNING: Ignored `text-rendering: optimizeLegibility` at 18:7, unknown property.
WARNING: Expected a media type, got '(max-width: 600px)'
WARNING: Invalid media type ' (max-width: 600px) ' the whole @media rule was ignored at 21:5.
WARNING: Ignored `overflow-x: auto` at 116:7, unknown property.
WARNING: Ignored `gap: min(4vw, 1.5em)` at 152:32, invalid value.
WARNING: Ignored `overflow-x: auto` at 153:28, unknown property.
WARNING: Ignored `user-select: none` at 191:32, unknown property.
ERROR: No anchor #1-purpose-and-scope for internal URI reference
ERROR: No anchor #2-conventions for internal URI reference
ERROR: No anchor #3-transport-negotiation-and-compression for internal URI reference
ERROR: No anchor #4-authentication-authorization-oauth2jwt--rbac for internal URI reference
ERROR: No anchor #5-rate-limiting for internal URI reference
ERROR: No anchor #6-error-model for internal URI reference
ERROR: No anchor #7-auth-endpoints for internal URI reference
ERROR: No anchor #71-post-apiv1authlogin for internal URI reference
ERROR: No anchor #72-post-apiv1authrefresh for internal URI reference
ERROR: No anchor #8-device-endpoints for internal URI reference
ERROR: No anchor #81-post-apiv1devicesregister for internal URI reference
ERROR: No anchor #82-get-apiv1devicesdeviceidstatus for internal URI reference
ERROR: No anchor #9-artifact-endpoints for internal URI reference
ERROR: No anchor #91-post-apiv1artifactsupload for internal URI reference
ERROR: No anchor #92-get-apiv1artifactsartifactid for internal URI reference
ERROR: No anchor #10-release-endpoints for internal URI reference
ERROR: No anchor #101-post-apiv1releases for internal URI reference
ERROR: No anchor #102-get-apiv1releases--get-apiv1releasesreleaseid for internal URI reference
ERROR: No anchor #11-deployment-endpoints-all-targets-for-mvp for internal URI reference
ERROR: No anchor #111-post-apiv1deployments for internal URI reference
ERROR: No anchor #112-get-apiv1deploymentsdeploymentid for internal URI reference
ERROR: No anchor #12-client-device-endpoints for internal URI reference
ERROR: No anchor #121-get-apiv1clientupdate--update-check-204--200 for internal URI reference
ERROR: No anchor #122-post-apiv1clienttelemetry--telemetry-report for internal URI reference
ERROR: No anchor #13-status-code-summary for internal URI reference
ERROR: No anchor #14-testing-four-layer for internal URI reference
ERROR: No anchor #15-catalogue-first-reuse-and-decoupling for internal URI reference
ERROR: No anchor #16-compliance-notes-helixconstitution for internal URI reference
  weasyprint OK -> docs/research/main_specs/1.0.0-mvp/api/endpoints.pdf
>>> docs/research/main_specs/1.0.0-mvp/client_android/build_integration.md
  pandoc OK -> docs/research/main_specs/1.0.0-mvp/client_android/build_integration.html
WARNING: Ignored `text-rendering: optimizeLegibility` at 18:7, unknown property.
WARNING: Expected a media type, got '(max-width: 600px)'
WARNING: Invalid media type ' (max-width: 600px) ' the whole @media rule was ignored at 21:5.
WARNING: Ignored `overflow-x: auto` at 116:7, unknown property.
WARNING: Ignored `gap: min(4vw, 1.5em)` at 152:32, invalid value.
WARNING: Ignored `overflow-x: auto` at 153:28, unknown property.
ERROR: No anchor #1-purpose-and-scope for internal URI reference
ERROR: No anchor #2-why-a-system-app-recap for internal URI reference
ERROR: No anchor #3-building-the-agent-in-the-aosp-tree-androidbp for internal URI reference
ERROR: No anchor #4-system-uid-vs-privileged-app-placement for internal URI reference
ERROR: No anchor #5-platform-signing for internal URI reference
ERROR: No anchor #6-selinux-and-dataota_package-access for internal URI reference
ERROR: No anchor #7-target-board-orange-pi-5-max--rk3588 for internal URI reference
ERROR: No anchor #8-ota-package-generation-and-signing-go-pipeline for internal URI reference
ERROR: No anchor #9-testing-four-layer for internal URI reference
ERROR: No anchor #10-open--unverified-items for internal URI reference
ERROR: No anchor #11-sources for internal URI reference
  weasyprint OK -> docs/research/main_specs/1.0.0-mvp/client_android/build_integration.pdf
>>> docs/research/main_specs/1.0.0-mvp/client_android/integration_guide.md
  pandoc OK -> docs/research/main_specs/1.0.0-mvp/client_android/integration_guide.html
WARNING: Ignored `text-rendering: optimizeLegibility` at 18:7, unknown property.
WARNING: Expected a media type, got '(max-width: 600px)'
WARNING: Invalid media type ' (max-width: 600px) ' the whole @media rule was ignored at 21:5.
WARNING: Ignored `overflow-x: auto` at 116:7, unknown property.
WARNING: Ignored `gap: min(4vw, 1.5em)` at 152:32, invalid value.
WARNING: Ignored `overflow-x: auto` at 153:28, unknown property.
ERROR: No anchor #1-purpose-and-scope for internal URI reference
ERROR: No anchor #2-locked-context-honored for internal URI reference
ERROR: No anchor #3-agent-architecture-kmp for internal URI reference
ERROR: No anchor #4-submodule-reuse for internal URI reference
ERROR: No anchor #5-device-registration for internal URI reference
ERROR: No anchor #6-polling-with-workmanager-15-min--jitter-configurable for internal URI reference
ERROR: No anchor #7-download-to-local for internal URI reference
ERROR: No anchor #8-verify-before-apply-sha-256--signature-then-applypayload for internal URI reference
ERROR: No anchor #9-telemetry for internal URI reference
ERROR: No anchor #10-system-uid--privileged-app-requirement for internal URI reference
ERROR: No anchor #11-end-to-end-update-lifecycle for internal URI reference
ERROR: No anchor #12-testing-four-layer for internal URI reference
ERROR: No anchor #13-open--unverified-items for internal URI reference
ERROR: No anchor #14-sources for internal URI reference
  weasyprint OK -> docs/research/main_specs/1.0.0-mvp/client_android/integration_guide.pdf
>>> docs/research/main_specs/1.0.0-mvp/client_android/update_engine_integration.md
  pandoc OK -> docs/research/main_specs/1.0.0-mvp/client_android/update_engine_integration.html
WARNING: Ignored `text-rendering: optimizeLegibility` at 18:7, unknown property.
WARNING: Expected a media type, got '(max-width: 600px)'
WARNING: Invalid media type ' (max-width: 600px) ' the whole @media rule was ignored at 21:5.
WARNING: Ignored `overflow-x: auto` at 116:7, unknown property.
WARNING: Ignored `gap: min(4vw, 1.5em)` at 152:32, invalid value.
WARNING: Ignored `overflow-x: auto` at 153:28, unknown property.
WARNING: Ignored `user-select: none` at 191:32, unknown property.
ERROR: No anchor #1-purpose-and-scope for internal URI reference
ERROR: No anchor #2-the-applypayload-contract for internal URI reference
ERROR: No anchor #3-the-four-header-properties for internal URI reference
ERROR: No anchor #4-updateenginecallback-status-constants for internal URI reference
ERROR: No anchor #5-updateenginecallback-error-codes for internal URI reference
ERROR: No anchor #6-local-verified-file-apply-rationale for internal URI reference
ERROR: No anchor #7-avb--boot_control--update_verifier-interplay for internal URI reference
ERROR: No anchor #8-what-the-agent-must-not-do for internal URI reference
ERROR: No anchor #9-the-bridge-surface-ota-update-engine-bridge for internal URI reference
ERROR: No anchor #10-testing-four-layer for internal URI reference
ERROR: No anchor #11-open--unverified-items for internal URI reference
ERROR: No anchor #12-sources for internal URI reference
  weasyprint OK -> docs/research/main_specs/1.0.0-mvp/client_android/update_engine_integration.pdf
>>> docs/research/main_specs/1.0.0-mvp/database/schema.md
  pandoc OK -> docs/research/main_specs/1.0.0-mvp/database/schema.html
WARNING: Ignored `text-rendering: optimizeLegibility` at 18:7, unknown property.
WARNING: Expected a media type, got '(max-width: 600px)'
WARNING: Invalid media type ' (max-width: 600px) ' the whole @media rule was ignored at 21:5.
WARNING: Ignored `overflow-x: auto` at 116:7, unknown property.
WARNING: Ignored `gap: min(4vw, 1.5em)` at 152:32, invalid value.
WARNING: Ignored `overflow-x: auto` at 153:28, unknown property.
ERROR: No anchor #1-purpose-and-scope for internal URI reference
ERROR: No anchor #2-locked-stack-and-strategy-alignment for internal URI reference
ERROR: No anchor #3-the-helix_ota-schema for internal URI reference
ERROR: No anchor #3-the-helix_ota-schema for internal URI reference
ERROR: No anchor #4-entity-relationship-description for internal URI reference
ERROR: No anchor #5-table-by-table-rationale for internal URI reference
ERROR: No anchor #51-users for internal URI reference
ERROR: No anchor #52-api_keys for internal URI reference
ERROR: No anchor #53-devices for internal URI reference
ERROR: No anchor #54-device_groups-and-device_group_members for internal URI reference
ERROR: No anchor #55-artifacts-and-artifact_versions for internal URI reference
ERROR: No anchor #56-releases for internal URI reference
ERROR: No anchor #57-deployments for internal URI reference
ERROR: No anchor #58-device_deployments for internal URI reference
ERROR: No anchor #59-telemetry_events for internal URI reference
ERROR: No anchor #510-audit_logs for internal URI reference
ERROR: No anchor #6-constraints-summary for internal URI reference
ERROR: No anchor #7-index-summary-and-query-drivers for internal URI reference
ERROR: No anchor #8-deferred-to-101-not-in-this-schema for internal URI reference
ERROR: No anchor #9-submodule-reuse for internal URI reference
ERROR: No anchor #10-migration-files for internal URI reference
ERROR: No anchor #11-testing-four-layer for internal URI reference
ERROR: No anchor #12-anti-bluff--unverified-register for internal URI reference
ERROR: No anchor #13-sources for internal URI reference
  weasyprint OK -> docs/research/main_specs/1.0.0-mvp/database/schema.pdf
>>> docs/research/main_specs/1.0.0-mvp/deployment/minio_setup.md
  pandoc OK -> docs/research/main_specs/1.0.0-mvp/deployment/minio_setup.html
WARNING: Ignored `text-rendering: optimizeLegibility` at 18:7, unknown property.
WARNING: Expected a media type, got '(max-width: 600px)'
WARNING: Invalid media type ' (max-width: 600px) ' the whole @media rule was ignored at 21:5.
WARNING: Ignored `overflow-x: auto` at 116:7, unknown property.
WARNING: Ignored `gap: min(4vw, 1.5em)` at 152:32, invalid value.
WARNING: Ignored `overflow-x: auto` at 153:28, unknown property.
WARNING: Ignored `user-select: none` at 191:32, unknown property.
ERROR: No anchor #1-purpose-and-scope for internal URI reference
ERROR: No anchor #2-prerequisites for internal URI reference
ERROR: No anchor #3-bucket-layout for internal URI reference
ERROR: No anchor #4-service-account-policy-least-privilege for internal URI reference
ERROR: No anchor #5-key-issuance-and-wiring for internal URI reference
ERROR: No anchor #6-artifact-path-requirements-byte-identity--range-get for internal URI reference
ERROR: No anchor #7-verification-four-layer for internal URI reference
ERROR: No anchor #8-open--unverified-items for internal URI reference
ERROR: No anchor #9-sources for internal URI reference
  weasyprint OK -> docs/research/main_specs/1.0.0-mvp/deployment/minio_setup.pdf
>>> docs/research/main_specs/1.0.0-mvp/deployment/overview.md
  pandoc OK -> docs/research/main_specs/1.0.0-mvp/deployment/overview.html
WARNING: Ignored `text-rendering: optimizeLegibility` at 18:7, unknown property.
WARNING: Expected a media type, got '(max-width: 600px)'
WARNING: Invalid media type ' (max-width: 600px) ' the whole @media rule was ignored at 21:5.
WARNING: Ignored `overflow-x: auto` at 116:7, unknown property.
WARNING: Ignored `gap: min(4vw, 1.5em)` at 152:32, invalid value.
WARNING: Ignored `overflow-x: auto` at 153:28, unknown property.
ERROR: No anchor #1-purpose-and-scope for internal URI reference
ERROR: No anchor #2-container-substrate for internal URI reference
ERROR: No anchor #3-service-set for internal URI reference
ERROR: No anchor #31-ota-server-go-control-plane for internal URI reference
ERROR: No anchor #32-postgres for internal URI reference
ERROR: No anchor #33-minio-artifact-blobs for internal URI reference
ERROR: No anchor #34-reverse-proxy for internal URI reference
ERROR: No anchor #35-dashboard for internal URI reference
ERROR: No anchor #4-topology-and-data-flow for internal URI reference
ERROR: No anchor #5-secrets-handling for internal URI reference
ERROR: No anchor #6-environments-local-compose-vs-orchestrated-kubernetes for internal URI reference
ERROR: No anchor #7-testing-four-layer for internal URI reference
ERROR: No anchor #8-open--unverified-items for internal URI reference
ERROR: No anchor #9-sources for internal URI reference
  weasyprint OK -> docs/research/main_specs/1.0.0-mvp/deployment/overview.pdf
>>> docs/research/main_specs/1.0.0-mvp/security/key_management.md
  pandoc OK -> docs/research/main_specs/1.0.0-mvp/security/key_management.html
WARNING: Ignored `text-rendering: optimizeLegibility` at 18:7, unknown property.
WARNING: Expected a media type, got '(max-width: 600px)'
WARNING: Invalid media type ' (max-width: 600px) ' the whole @media rule was ignored at 21:5.
WARNING: Ignored `overflow-x: auto` at 116:7, unknown property.
WARNING: Ignored `gap: min(4vw, 1.5em)` at 152:32, invalid value.
WARNING: Ignored `overflow-x: auto` at 153:28, unknown property.
ERROR: No anchor #1-purpose-and-scope for internal URI reference
ERROR: No anchor #2-key-inventory-mvp for internal URI reference
ERROR: No anchor #3-custody-of-the-build-pipeline-signing-key for internal URI reference
ERROR: No anchor #4-key-rotation for internal URI reference
ERROR: No anchor #5-on-device-trust-store for internal URI reference
ERROR: No anchor #6-forward-path-offline-signing-ceremony-tufuptane-101 for internal URI reference
ERROR: No anchor #7-catalogue-reuse-and-module-boundaries for internal URI reference
ERROR: No anchor #8-testing-four-layer for internal URI reference
ERROR: No anchor #9-open--unverified-items for internal URI reference
ERROR: No anchor #10-compliance-notes-helixconstitution for internal URI reference
ERROR: No anchor #11-sources for internal URI reference
  weasyprint OK -> docs/research/main_specs/1.0.0-mvp/security/key_management.pdf
>>> docs/research/main_specs/1.0.0-mvp/security/signing_verification.md
  pandoc OK -> docs/research/main_specs/1.0.0-mvp/security/signing_verification.html
WARNING: Ignored `text-rendering: optimizeLegibility` at 18:7, unknown property.
WARNING: Expected a media type, got '(max-width: 600px)'
WARNING: Invalid media type ' (max-width: 600px) ' the whole @media rule was ignored at 21:5.
WARNING: Ignored `overflow-x: auto` at 116:7, unknown property.
WARNING: Ignored `gap: min(4vw, 1.5em)` at 152:32, invalid value.
WARNING: Ignored `overflow-x: auto` at 153:28, unknown property.
ERROR: No anchor #1-purpose-and-scope for internal URI reference
ERROR: No anchor #2-trust-model-overview-mvp for internal URI reference
ERROR: No anchor #3-integrity-primitives-sha-256--detached-signature for internal URI reference
ERROR: No anchor #4-build-pipeline-signing for internal URI reference
ERROR: No anchor #5-server-side-verification-on-upload for internal URI reference
ERROR: No anchor #6-device-side-re-verification-before-apply for internal URI reference
ERROR: No anchor #7-composition-with-avb--dm-verity--ab for internal URI reference
ERROR: No anchor #8-mvp-forward-interfaces-tufuptane-drop-in-per-adr-0002 for internal URI reference
ERROR: No anchor #9-catalogue-reuse-and-module-boundaries for internal URI reference
ERROR: No anchor #10-testing-four-layer for internal URI reference
ERROR: No anchor #11-open--unverified-items for internal URI reference
ERROR: No anchor #12-compliance-notes-helixconstitution for internal URI reference
ERROR: No anchor #13-sources for internal URI reference
  weasyprint OK -> docs/research/main_specs/1.0.0-mvp/security/signing_verification.pdf
>>> docs/research/main_specs/1.0.0-mvp/security/transport_security.md
  pandoc OK -> docs/research/main_specs/1.0.0-mvp/security/transport_security.html
WARNING: Ignored `text-rendering: optimizeLegibility` at 18:7, unknown property.
WARNING: Expected a media type, got '(max-width: 600px)'
WARNING: Invalid media type ' (max-width: 600px) ' the whole @media rule was ignored at 21:5.
WARNING: Ignored `overflow-x: auto` at 116:7, unknown property.
WARNING: Ignored `gap: min(4vw, 1.5em)` at 152:32, invalid value.
WARNING: Ignored `overflow-x: auto` at 153:28, unknown property.
ERROR: No anchor #1-purpose-and-scope for internal URI reference
ERROR: No anchor #2-threat-context-for-transport for internal URI reference
ERROR: No anchor #3-tls-13-baseline for internal URI reference
ERROR: No anchor #4-transport-composition-http3-quic--http2-brotli-two-class-rule for internal URI reference
ERROR: No anchor #5-certificate-management for internal URI reference
ERROR: No anchor #6-mtls-and-certificate-pinning-evaluation for internal URI reference
ERROR: No anchor #7-catalogue-reuse-and-module-boundaries for internal URI reference
ERROR: No anchor #8-testing-four-layer for internal URI reference
ERROR: No anchor #9-open--unverified-items for internal URI reference
ERROR: No anchor #10-compliance-notes-helixconstitution for internal URI reference
ERROR: No anchor #11-sources for internal URI reference
  weasyprint OK -> docs/research/main_specs/1.0.0-mvp/security/transport_security.pdf
>>> docs/research/main_specs/1.0.0-mvp/server/architecture.md
  pandoc OK -> docs/research/main_specs/1.0.0-mvp/server/architecture.html
WARNING: Ignored `text-rendering: optimizeLegibility` at 18:7, unknown property.
WARNING: Expected a media type, got '(max-width: 600px)'
WARNING: Invalid media type ' (max-width: 600px) ' the whole @media rule was ignored at 21:5.
WARNING: Ignored `overflow-x: auto` at 116:7, unknown property.
WARNING: Ignored `gap: min(4vw, 1.5em)` at 152:32, invalid value.
WARNING: Ignored `overflow-x: auto` at 153:28, unknown property.
ERROR: No anchor #1-purpose-and-scope for internal URI reference
ERROR: No anchor #2-topology-decision-recap for internal URI reference
ERROR: No anchor #3-process--deployment-view for internal URI reference
ERROR: No anchor #4-internal-package-boundaries-the-seams for internal URI reference
ERROR: No anchor #5-extractable-seams-rollout-engine--os-adapter for internal URI reference
ERROR: No anchor #6-boundary-enforcement for internal URI reference
ERROR: No anchor #7-transport-composition-http3--brotli for internal URI reference
ERROR: No anchor #8-catalogue-first-composition for internal URI reference
ERROR: No anchor #9-scale-trigger-to-split-into-services for internal URI reference
ERROR: No anchor #10-testing-four-layer for internal URI reference
ERROR: No anchor #11-compliance-notes-helixconstitution for internal URI reference
ERROR: No anchor #12-open--unverified-items for internal URI reference
ERROR: No anchor #13-sources for internal URI reference
  weasyprint OK -> docs/research/main_specs/1.0.0-mvp/server/architecture.pdf
>>> docs/research/main_specs/1.0.0-mvp/server/artifact_validation.md
  pandoc OK -> docs/research/main_specs/1.0.0-mvp/server/artifact_validation.html
WARNING: Ignored `text-rendering: optimizeLegibility` at 18:7, unknown property.
WARNING: Expected a media type, got '(max-width: 600px)'
WARNING: Invalid media type ' (max-width: 600px) ' the whole @media rule was ignored at 21:5.
WARNING: Ignored `overflow-x: auto` at 116:7, unknown property.
WARNING: Ignored `gap: min(4vw, 1.5em)` at 152:32, invalid value.
WARNING: Ignored `overflow-x: auto` at 153:28, unknown property.
ERROR: No anchor #1-purpose-and-scope for internal URI reference
ERROR: No anchor #2-position-in-the-system-where-this-runs for internal URI reference
ERROR: No anchor #3-pipeline-overview for internal URI reference
ERROR: No anchor #4-inputs for internal URI reference
ERROR: No anchor #5-decision-table-ordered-stages for internal URI reference
ERROR: No anchor #51-stage-s1--structure for internal URI reference
ERROR: No anchor #52-stage-s2--sha-256-vs-hash-file for internal URI reference
ERROR: No anchor #53-stage-s3--signature for internal URI reference
ERROR: No anchor #54-stage-s4--version-monotonicity for internal URI reference
ERROR: No anchor #55-stage-s5--target-compatibility for internal URI reference
ERROR: No anchor #56-stage-s6--metadata-extraction for internal URI reference
ERROR: No anchor #6-accept-path for internal URI reference
ERROR: No anchor #7-reject-path-common-contract for internal URI reference
ERROR: No anchor #8-uptane-forward-design for internal URI reference
ERROR: No anchor #9-catalogue-first-composition for internal URI reference
ERROR: No anchor #10-testing-four-layer for internal URI reference
ERROR: No anchor #11-compliance-notes-helixconstitution for internal URI reference
ERROR: No anchor #12-open--unverified-items for internal URI reference
ERROR: No anchor #13-sources for internal URI reference
  weasyprint OK -> docs/research/main_specs/1.0.0-mvp/server/artifact_validation.pdf
>>> docs/research/main_specs/1.0.0-mvp/server/telemetry_processing.md
  pandoc OK -> docs/research/main_specs/1.0.0-mvp/server/telemetry_processing.html
WARNING: Ignored `text-rendering: optimizeLegibility` at 18:7, unknown property.
WARNING: Expected a media type, got '(max-width: 600px)'
WARNING: Invalid media type ' (max-width: 600px) ' the whole @media rule was ignored at 21:5.
WARNING: Ignored `overflow-x: auto` at 116:7, unknown property.
WARNING: Ignored `gap: min(4vw, 1.5em)` at 152:32, invalid value.
WARNING: Ignored `overflow-x: auto` at 153:28, unknown property.
ERROR: No anchor #1-purpose-and-scope for internal URI reference
ERROR: No anchor #2-event-ingest for internal URI reference
ERROR: No anchor #3-processing-pipeline-ingest--otelprometheus--health for internal URI reference
ERROR: No anchor #4-fleet-health-model for internal URI reference
ERROR: No anchor #5-halt-on-failure-inputs-rollout-engine-contract for internal URI reference
ERROR: No anchor #6-post-boot-health-window--auto-canary-abort for internal URI reference
ERROR: No anchor #7-alerting--notifications for internal URI reference
ERROR: No anchor #8-mvp-vs-101-boundary for internal URI reference
ERROR: No anchor #9-catalogue-first-composition for internal URI reference
ERROR: No anchor #10-testing-four-layer for internal URI reference
ERROR: No anchor #11-compliance-notes-helixconstitution for internal URI reference
ERROR: No anchor #12-open--unverified-items for internal URI reference
ERROR: No anchor #13-sources for internal URI reference
  weasyprint OK -> docs/research/main_specs/1.0.0-mvp/server/telemetry_processing.pdf
>>> docs/research/main_specs/1.0.0-mvp/tests/test_strategy.md
  pandoc OK -> docs/research/main_specs/1.0.0-mvp/tests/test_strategy.html
WARNING: Ignored `text-rendering: optimizeLegibility` at 18:7, unknown property.
WARNING: Expected a media type, got '(max-width: 600px)'
WARNING: Invalid media type ' (max-width: 600px) ' the whole @media rule was ignored at 21:5.
WARNING: Ignored `overflow-x: auto` at 116:7, unknown property.
WARNING: Ignored `gap: min(4vw, 1.5em)` at 152:32, invalid value.
WARNING: Ignored `overflow-x: auto` at 153:28, unknown property.
ERROR: No anchor #1-purpose-and-scope for internal URI reference
ERROR: No anchor #2-the-four-test-layers-helixconstitution-1--11 for internal URI reference
ERROR: No anchor #3-components-under-test for internal URI reference
ERROR: No anchor #4-layer--component-matrix for internal URI reference
ERROR: No anchor #5-unit-testing for internal URI reference
ERROR: No anchor #6-integration-testing for internal URI reference
ERROR: No anchor #7-contract-testing-openapi-conformance for internal URI reference
ERROR: No anchor #8-end-to-end-on-the-orange-pi-5-max for internal URI reference
ERROR: No anchor #9-security-testing for internal URI reference
ERROR: No anchor #10-load-testing for internal URI reference
ERROR: No anchor #11-mutation-testing-meta-test-11 for internal URI reference
ERROR: No anchor #12-already-performed-validation-evidence for internal URI reference
ERROR: No anchor #13-anti-bluff-notes for internal URI reference
  weasyprint OK -> docs/research/main_specs/1.0.0-mvp/tests/test_strategy.pdf
>>> docs/research/main_specs/1.X-linux/README.md
  pandoc OK -> docs/research/main_specs/1.X-linux/README.html
WARNING: Ignored `text-rendering: optimizeLegibility` at 18:7, unknown property.
WARNING: Expected a media type, got '(max-width: 600px)'
WARNING: Invalid media type ' (max-width: 600px) ' the whole @media rule was ignored at 21:5.
WARNING: Ignored `overflow-x: auto` at 116:7, unknown property.
WARNING: Ignored `gap: min(4vw, 1.5em)` at 152:32, invalid value.
WARNING: Ignored `overflow-x: auto` at 153:28, unknown property.
ERROR: No anchor #1-scope for internal URI reference
ERROR: No anchor #2-candidate-backends-researched for internal URI reference
ERROR: No anchor #3-os-adapter-contract for internal URI reference
ERROR: No anchor #4-per-class-strategy for internal URI reference
ERROR: No anchor #5-open-spikes for internal URI reference
  weasyprint OK -> docs/research/main_specs/1.X-linux/README.pdf
>>> docs/research/main_specs/1.X-other-os/README.md
  pandoc OK -> docs/research/main_specs/1.X-other-os/README.html
WARNING: Ignored `text-rendering: optimizeLegibility` at 18:7, unknown property.
WARNING: Expected a media type, got '(max-width: 600px)'
WARNING: Invalid media type ' (max-width: 600px) ' the whole @media rule was ignored at 21:5.
WARNING: Ignored `overflow-x: auto` at 116:7, unknown property.
WARNING: Ignored `gap: min(4vw, 1.5em)` at 152:32, invalid value.
WARNING: Ignored `overflow-x: auto` at 153:28, unknown property.
ERROR: No anchor #1-scope--principle for internal URI reference
ERROR: No anchor #2-candidate-targets--mechanisms for internal URI reference
ERROR: No anchor #3-the-pluginadapter-registry for internal URI reference
ERROR: No anchor #4-open-questions for internal URI reference
  weasyprint OK -> docs/research/main_specs/1.X-other-os/README.pdf
>>> docs/research/main_specs/1.X-windows/README.md
  pandoc OK -> docs/research/main_specs/1.X-windows/README.html
WARNING: Ignored `text-rendering: optimizeLegibility` at 18:7, unknown property.
WARNING: Expected a media type, got '(max-width: 600px)'
WARNING: Invalid media type ' (max-width: 600px) ' the whole @media rule was ignored at 21:5.
WARNING: Ignored `overflow-x: auto` at 116:7, unknown property.
WARNING: Ignored `gap: min(4vw, 1.5em)` at 152:32, invalid value.
WARNING: Ignored `overflow-x: auto` at 153:28, unknown property.
ERROR: No anchor #1-scope for internal URI reference
ERROR: No anchor #2-candidate-mechanisms for internal URI reference
ERROR: No anchor #3-os-adapter-mapping for internal URI reference
ERROR: No anchor #4-security--integrity for internal URI reference
ERROR: No anchor #5-open-spikes for internal URI reference
  weasyprint OK -> docs/research/main_specs/1.X-windows/README.pdf
>>> docs/research/main_specs/CONTINUATION.md
  pandoc OK -> docs/research/main_specs/CONTINUATION.html
WARNING: Ignored `text-rendering: optimizeLegibility` at 18:7, unknown property.
WARNING: Expected a media type, got '(max-width: 600px)'
WARNING: Invalid media type ' (max-width: 600px) ' the whole @media rule was ignored at 21:5.
WARNING: Ignored `overflow-x: auto` at 116:7, unknown property.
WARNING: Ignored `gap: min(4vw, 1.5em)` at 152:32, invalid value.
WARNING: Ignored `overflow-x: auto` at 153:28, unknown property.
  weasyprint OK -> docs/research/main_specs/CONTINUATION.pdf
>>> docs/research/main_specs/README.md
  pandoc OK -> docs/research/main_specs/README.html
WARNING: Ignored `text-rendering: optimizeLegibility` at 18:7, unknown property.
WARNING: Expected a media type, got '(max-width: 600px)'
WARNING: Invalid media type ' (max-width: 600px) ' the whole @media rule was ignored at 21:5.
WARNING: Ignored `overflow-x: auto` at 116:7, unknown property.
WARNING: Ignored `gap: min(4vw, 1.5em)` at 152:32, invalid value.
WARNING: Ignored `overflow-x: auto` at 153:28, unknown property.
ERROR: No anchor #1-purpose for internal URI reference
ERROR: No anchor #2-how-this-corpus-was-produced for internal URI reference
ERROR: No anchor #3-status-legend for internal URI reference
ERROR: No anchor #4-00-master--foundation for internal URI reference
ERROR: No anchor #5-research--landscape-stack-notes-adrs-synthesis for internal URI reference
ERROR: No anchor #6-additions--operator-inputs for internal URI reference
ERROR: No anchor #7-phase-specifications for internal URI reference
ERROR: No anchor #71-100-mvp for internal URI reference
ERROR: No anchor #72-101-staged-rollout for internal URI reference
ERROR: No anchor #73-1x-future-os-phases for internal URI reference
ERROR: No anchor #8-verification-evidence for internal URI reference
ERROR: No anchor #9-submodule-reference-catalogue--the-six-new-ota--modules for internal URI reference
  weasyprint OK -> docs/research/main_specs/README.pdf
>>> docs/research/main_specs/research/adr/adr-0001-wrapped-engine.md
  pandoc OK -> docs/research/main_specs/research/adr/adr-0001-wrapped-engine.html
WARNING: Ignored `text-rendering: optimizeLegibility` at 18:7, unknown property.
WARNING: Expected a media type, got '(max-width: 600px)'
WARNING: Invalid media type ' (max-width: 600px) ' the whole @media rule was ignored at 21:5.
WARNING: Ignored `overflow-x: auto` at 116:7, unknown property.
WARNING: Ignored `gap: min(4vw, 1.5em)` at 152:32, invalid value.
WARNING: Ignored `overflow-x: auto` at 153:28, unknown property.
ERROR: No anchor #1-context for internal URI reference
ERROR: No anchor #2-decision-drivers--constraints for internal URI reference
ERROR: No anchor #3-options-considered for internal URI reference
ERROR: No anchor #31-option-a--wrap-eclipse-hawkbit for internal URI reference
ERROR: No anchor #32-option-b--wrap-mender for internal URI reference
ERROR: No anchor #33-option-c--aosp-native-only-custom-go-rollout-engine-no-orchestration-wrap for internal URI reference
ERROR: No anchor #33-option-c--aosp-native-only-custom-go-rollout-engine-no-orchestration-wrap for internal URI reference
ERROR: No anchor #34-comparison-summary for internal URI reference
ERROR: No anchor #4-decision for internal URI reference
ERROR: No anchor #5-consequences for internal URI reference
ERROR: No anchor #51-positive for internal URI reference
ERROR: No anchor #52-negative for internal URI reference
ERROR: No anchor #53-gating-conditions-unverified-items-to-close for internal URI reference
ERROR: No anchor #6-compliance-notes-helixconstitution for internal URI reference
ERROR: No anchor #7-status for internal URI reference
  weasyprint OK -> docs/research/main_specs/research/adr/adr-0001-wrapped-engine.pdf
>>> docs/research/main_specs/research/adr/adr-0002-supply-chain-trust.md
  pandoc OK -> docs/research/main_specs/research/adr/adr-0002-supply-chain-trust.html
WARNING: Ignored `text-rendering: optimizeLegibility` at 18:7, unknown property.
WARNING: Expected a media type, got '(max-width: 600px)'
WARNING: Invalid media type ' (max-width: 600px) ' the whole @media rule was ignored at 21:5.
WARNING: Ignored `overflow-x: auto` at 116:7, unknown property.
WARNING: Ignored `gap: min(4vw, 1.5em)` at 152:32, invalid value.
WARNING: Ignored `overflow-x: auto` at 153:28, unknown property.
ERROR: No anchor #1-context for internal URI reference
ERROR: No anchor #2-decision-drivers for internal URI reference
ERROR: No anchor #3-options-considered for internal URI reference
ERROR: No anchor #31-option-a--plain-per-artifact-signing-only-sha-256--detached-signature--avb for internal URI reference
ERROR: No anchor #31-option-a--plain-per-artifact-signing-only-sha-256--detached-signature--avb for internal URI reference
ERROR: No anchor #32-option-b--tuf-via-go-tufv2-server-side-device-enforcement-gated for internal URI reference
ERROR: No anchor #33-option-c--full-uptane-dual-repo--primarysecondary-now for internal URI reference
ERROR: No anchor #34-option-d--aktualizr-as-a-product for internal URI reference
ERROR: No anchor #4-decision for internal URI reference
ERROR: No anchor #41-mvp-trust-model-100 for internal URI reference
ERROR: No anchor #42-mvp-forward-signing-interface-uptane-ready for internal URI reference
ERROR: No anchor #43-adoption-sequencing-101 for internal URI reference
ERROR: No anchor #5-consequences for internal URI reference
ERROR: No anchor #51-positive for internal URI reference
ERROR: No anchor #52-negative for internal URI reference
ERROR: No anchor #6-status for internal URI reference
ERROR: No anchor #7-compliance-notes-helixconstitution for internal URI reference
ERROR: No anchor #8-open--unverified-items for internal URI reference
ERROR: No anchor #9-sources for internal URI reference
  weasyprint OK -> docs/research/main_specs/research/adr/adr-0002-supply-chain-trust.pdf
>>> docs/research/main_specs/research/adr/adr-0003-server-topology.md
  pandoc OK -> docs/research/main_specs/research/adr/adr-0003-server-topology.html
WARNING: Ignored `text-rendering: optimizeLegibility` at 18:7, unknown property.
WARNING: Expected a media type, got '(max-width: 600px)'
WARNING: Invalid media type ' (max-width: 600px) ' the whole @media rule was ignored at 21:5.
WARNING: Ignored `overflow-x: auto` at 116:7, unknown property.
WARNING: Ignored `gap: min(4vw, 1.5em)` at 152:32, invalid value.
WARNING: Ignored `overflow-x: auto` at 153:28, unknown property.
ERROR: No anchor #1-context for internal URI reference
ERROR: No anchor #2-options-considered for internal URI reference
ERROR: No anchor #21-option-a--microservices-from-mvp for internal URI reference
ERROR: No anchor #22-option-b--modular-monolith-extractable-seams for internal URI reference
ERROR: No anchor #23-option-c--unstructured-single-binary-monolith for internal URI reference
ERROR: No anchor #3-decision for internal URI reference
ERROR: No anchor #31-module-boundaries-the-seams for internal URI reference
ERROR: No anchor #32-scale-trigger-to-split-into-services for internal URI reference
ERROR: No anchor #4-consequences for internal URI reference
ERROR: No anchor #41-positive for internal URI reference
ERROR: No anchor #42-negative for internal URI reference
ERROR: No anchor #5-status for internal URI reference
ERROR: No anchor #6-compliance-notes-helixconstitution for internal URI reference
ERROR: No anchor #7-open--unverified-items for internal URI reference
ERROR: No anchor #8-sources for internal URI reference
  weasyprint OK -> docs/research/main_specs/research/adr/adr-0003-server-topology.pdf
>>> docs/research/main_specs/research/adr/adr-0004-transport.md
  pandoc OK -> docs/research/main_specs/research/adr/adr-0004-transport.html
WARNING: Ignored `text-rendering: optimizeLegibility` at 18:7, unknown property.
WARNING: Expected a media type, got '(max-width: 600px)'
WARNING: Invalid media type ' (max-width: 600px) ' the whole @media rule was ignored at 21:5.
WARNING: Ignored `overflow-x: auto` at 116:7, unknown property.
WARNING: Ignored `gap: min(4vw, 1.5em)` at 152:32, invalid value.
WARNING: Ignored `overflow-x: auto` at 153:28, unknown property.
ERROR: No anchor #1-context for internal URI reference
ERROR: No anchor #2-decision-drivers for internal URI reference
ERROR: No anchor #3-options-considered for internal URI reference
ERROR: No anchor #31-transport-protocol for internal URI reference
ERROR: No anchor #32-content-compression for internal URI reference
ERROR: No anchor #33-artifact-download--resumability for internal URI reference
ERROR: No anchor #4-decision for internal URI reference
ERROR: No anchor #5-consequences for internal URI reference
ERROR: No anchor #51-positive for internal URI reference
ERROR: No anchor #52-negative--costs for internal URI reference
ERROR: No anchor #6-open--unverified-items-to-close for internal URI reference
ERROR: No anchor #7-status for internal URI reference
ERROR: No anchor #8-compliance-notes-helixconstitution for internal URI reference
  weasyprint OK -> docs/research/main_specs/research/adr/adr-0004-transport.pdf
>>> docs/research/main_specs/research/adr/adr-0005-delta-updates.md
  pandoc OK -> docs/research/main_specs/research/adr/adr-0005-delta-updates.html
WARNING: Ignored `text-rendering: optimizeLegibility` at 18:7, unknown property.
WARNING: Expected a media type, got '(max-width: 600px)'
WARNING: Invalid media type ' (max-width: 600px) ' the whole @media rule was ignored at 21:5.
WARNING: Ignored `overflow-x: auto` at 116:7, unknown property.
WARNING: Ignored `gap: min(4vw, 1.5em)` at 152:32, invalid value.
WARNING: Ignored `overflow-x: auto` at 153:28, unknown property.
ERROR: No anchor #1-context for internal URI reference
ERROR: No anchor #2-decision-drivers for internal URI reference
ERROR: No anchor #3-options-considered for internal URI reference
ERROR: No anchor #31-option-a--full-payload-only-no-deltas-for-mvp for internal URI reference
ERROR: No anchor #32-option-b--aosp-native-incremental-payloads-ota_from_target_files--i for internal URI reference
ERROR: No anchor #32-option-b--aosp-native-incremental-payloads-ota_from_target_files--i for internal URI reference
ERROR: No anchor #32-option-b--aosp-native-incremental-payloads-ota_from_target_files--i for internal URI reference
ERROR: No anchor #32-option-b--aosp-native-incremental-payloads-ota_from_target_files--i for internal URI reference
ERROR: No anchor #33-option-c--custom-delta-format-bespoke-block-binary-diff for internal URI reference
ERROR: No anchor #34-option-d--wrap-a-third-party-delta-generator for internal URI reference
ERROR: No anchor #35-linux-phase-deltas-out-of-scope-for-the-android-decision for internal URI reference
ERROR: No anchor #4-decision for internal URI reference
ERROR: No anchor #5-consequences for internal URI reference
ERROR: No anchor #51-positive for internal URI reference
ERROR: No anchor #52-negative--costs for internal URI reference
ERROR: No anchor #53-neutral--follow-ups for internal URI reference
ERROR: No anchor #6-phase-placement for internal URI reference
ERROR: No anchor #7-open--unverified-items-to-close-before-implementation for internal URI reference
ERROR: No anchor #8-status for internal URI reference
ERROR: No anchor #9-compliance-notes-helixconstitution for internal URI reference
ERROR: No anchor #10-sources for internal URI reference
  weasyprint OK -> docs/research/main_specs/research/adr/adr-0005-delta-updates.pdf
>>> docs/research/main_specs/research/ota_landscape_report.md
  pandoc OK -> docs/research/main_specs/research/ota_landscape_report.html
WARNING: Ignored `text-rendering: optimizeLegibility` at 18:7, unknown property.
WARNING: Expected a media type, got '(max-width: 600px)'
WARNING: Invalid media type ' (max-width: 600px) ' the whole @media rule was ignored at 21:5.
WARNING: Ignored `overflow-x: auto` at 116:7, unknown property.
WARNING: Ignored `gap: min(4vw, 1.5em)` at 152:32, invalid value.
WARNING: Ignored `overflow-x: auto` at 153:28, unknown property.
ERROR: No anchor #1-metadata-table for internal URI reference
ERROR: No anchor #2-scored-comparison-matrix for internal URI reference
ERROR: No anchor #21-scoring-rubric for internal URI reference
ERROR: No anchor #22-matrix for internal URI reference
ERROR: No anchor #23-per-criterion-justifications-traceable for internal URI reference
ERROR: No anchor #3-recommendations for internal URI reference
ERROR: No anchor #31-device-side-android for internal URI reference
ERROR: No anchor #32-server-control-plane-wrap-or-build for internal URI reference
ERROR: No anchor #33-trust-framework for internal URI reference
ERROR: No anchor #4-what-we-will-not-use-and-why for internal URI reference
ERROR: No anchor #5-open--unverified-items-to-close-before-adr-0001 for internal URI reference
ERROR: No anchor #6-source-notes for internal URI reference
  weasyprint OK -> docs/research/main_specs/research/ota_landscape_report.pdf
>>> docs/research/main_specs/research/stacks/android-avb-rollback.md
  pandoc OK -> docs/research/main_specs/research/stacks/android-avb-rollback.html
WARNING: Ignored `text-rendering: optimizeLegibility` at 18:7, unknown property.
WARNING: Expected a media type, got '(max-width: 600px)'
WARNING: Invalid media type ' (max-width: 600px) ' the whole @media rule was ignored at 21:5.
WARNING: Ignored `overflow-x: auto` at 116:7, unknown property.
WARNING: Ignored `gap: min(4vw, 1.5em)` at 152:32, invalid value.
WARNING: Ignored `overflow-x: auto` at 153:28, unknown property.
ERROR: No anchor #1-scope--question for internal URI reference
ERROR: No anchor #2-executive-summary for internal URI reference
ERROR: No anchor #3-the-verified-boot-chain-of-trust for internal URI reference
ERROR: No anchor #4-dm-verity-transparent-integrity-of-read-only-partitions for internal URI reference
ERROR: No anchor #5-boot_control-hal-the-slot-state-machine for internal URI reference
ERROR: No anchor #5-boot_control-hal-the-slot-state-machine for internal URI reference
ERROR: No anchor #6-update_verifier-proving-the-new-slot-before-commit for internal URI reference
ERROR: No anchor #6-update_verifier-proving-the-new-slot-before-commit for internal URI reference
ERROR: No anchor #7-automatic-rollback-on-failed-boot for internal URI reference
ERROR: No anchor #8-rollback-index--anti-downgrade for internal URI reference
ERROR: No anchor #9-how-the-stack-delivers-the-zero-corruption-guarantee for internal URI reference
ERROR: No anchor #10-what-the-helix-agent-must-and-must-not-do for internal URI reference
ERROR: No anchor #11-implications-for-helix-ota for internal URI reference
ERROR: No anchor #12-open-questions--unverified-items for internal URI reference
ERROR: No anchor #13-sources-consulted for internal URI reference
ERROR: No anchor #14-confidence for internal URI reference
  weasyprint OK -> docs/research/main_specs/research/stacks/android-avb-rollback.pdf
>>> docs/research/main_specs/research/stacks/android-update-engine-api.md
  pandoc OK -> docs/research/main_specs/research/stacks/android-update-engine-api.html
WARNING: Ignored `text-rendering: optimizeLegibility` at 18:7, unknown property.
WARNING: Expected a media type, got '(max-width: 600px)'
WARNING: Invalid media type ' (max-width: 600px) ' the whole @media rule was ignored at 21:5.
WARNING: Ignored `overflow-x: auto` at 116:7, unknown property.
WARNING: Ignored `gap: min(4vw, 1.5em)` at 152:32, invalid value.
WARNING: Ignored `overflow-x: auto` at 153:28, unknown property.
WARNING: Ignored `user-select: none` at 191:32, unknown property.
ERROR: No anchor #1-scope--question for internal URI reference
ERROR: No anchor #2-executive-summary for internal URI reference
ERROR: No anchor #3-ota-package-ota_updatezip-layout for internal URI reference
ERROR: No anchor #3-ota-package-ota_updatezip-layout for internal URI reference
ERROR: No anchor #4-payloadbin--payload_propertiestxt for internal URI reference
ERROR: No anchor #4-payloadbin--payload_propertiestxt for internal URI reference
ERROR: No anchor #4-payloadbin--payload_propertiestxt for internal URI reference
ERROR: No anchor #5-the-client-api-updateengineapplypayload for internal URI reference
ERROR: No anchor #5-the-client-api-updateengineapplypayload for internal URI reference
ERROR: No anchor #6-the-four-header-properties for internal URI reference
ERROR: No anchor #7-local-file-apply-vs-https-stream-apply-verify-before-apply for internal URI reference
ERROR: No anchor #7-local-file-apply-vs-https-stream-apply-verify-before-apply for internal URI reference
ERROR: No anchor #8-updateenginecallback-status-constants--error-codes for internal URI reference
ERROR: No anchor #8-updateenginecallback-status-constants--error-codes for internal URI reference
ERROR: No anchor #9-zip_stored--http-range-streaming for internal URI reference
ERROR: No anchor #9-zip_stored--http-range-streaming for internal URI reference
ERROR: No anchor #10-system-uid--permission-requirements for internal URI reference
ERROR: No anchor #11-ota_from_target_files-generation--signing for internal URI reference
ERROR: No anchor #11-ota_from_target_files-generation--signing for internal URI reference
ERROR: No anchor #12-implications-for-helix-ota for internal URI reference
ERROR: No anchor #13-open-questions--unverified-items for internal URI reference
ERROR: No anchor #14-sources-consulted for internal URI reference
ERROR: No anchor #15-confidence for internal URI reference
  weasyprint OK -> docs/research/main_specs/research/stacks/android-update-engine-api.pdf
>>> docs/research/main_specs/research/stacks/android15-virtual-ab.md
  pandoc OK -> docs/research/main_specs/research/stacks/android15-virtual-ab.html
WARNING: Ignored `text-rendering: optimizeLegibility` at 18:7, unknown property.
WARNING: Expected a media type, got '(max-width: 600px)'
WARNING: Invalid media type ' (max-width: 600px) ' the whole @media rule was ignored at 21:5.
WARNING: Ignored `overflow-x: auto` at 116:7, unknown property.
WARNING: Ignored `gap: min(4vw, 1.5em)` at 152:32, invalid value.
WARNING: Ignored `overflow-x: auto` at 153:28, unknown property.
WARNING: Ignored `user-select: none` at 191:32, unknown property.
ERROR: No anchor #1-scope--question for internal URI reference
ERROR: No anchor #2-executive-summary for internal URI reference
ERROR: No anchor #3-dynamic-partitions--the-super-partition for internal URI reference
ERROR: No anchor #3-dynamic-partitions--the-super-partition for internal URI reference
ERROR: No anchor #4-virtual-ab-vs-classic-ab for internal URI reference
ERROR: No anchor #5-snapshot--cow-internals for internal URI reference
ERROR: No anchor #6-the-compressed-device-mapper-stack-dm-user--snapuserd for internal URI reference
ERROR: No anchor #7-compression-none--gz--lz4--zstd--xor for internal URI reference
ERROR: No anchor #8-storage-tradeoffs--super-sizing for internal URI reference
ERROR: No anchor #8-storage-tradeoffs--super-sizing for internal URI reference
ERROR: No anchor #9-the-update-lifecycle-write--reboot--merge--complete for internal URI reference
ERROR: No anchor #10-failure-handling-cancel--rollback for internal URI reference
ERROR: No anchor #11-rk3588--orange-pi-5-max-considerations for internal URI reference
ERROR: No anchor #12-implications-for-helix-ota-the-no-corruption-guarantee for internal URI reference
ERROR: No anchor #13-open-questions--unverified-items for internal URI reference
ERROR: No anchor #14-sources-consulted for internal URI reference
ERROR: No anchor #15-confidence for internal URI reference
  weasyprint OK -> docs/research/main_specs/research/stacks/android15-virtual-ab.pdf
>>> docs/research/main_specs/research/stacks/aosp-update-engine.md
  pandoc OK -> docs/research/main_specs/research/stacks/aosp-update-engine.html
WARNING: Ignored `text-rendering: optimizeLegibility` at 18:7, unknown property.
WARNING: Expected a media type, got '(max-width: 600px)'
WARNING: Invalid media type ' (max-width: 600px) ' the whole @media rule was ignored at 21:5.
WARNING: Ignored `overflow-x: auto` at 116:7, unknown property.
WARNING: Ignored `gap: min(4vw, 1.5em)` at 152:32, invalid value.
WARNING: Ignored `overflow-x: auto` at 153:28, unknown property.
ERROR: No anchor #1-scope--question for internal URI reference
ERROR: No anchor #2-executive-summary for internal URI reference
ERROR: No anchor #3-native-android-ab-seamless-updates for internal URI reference
ERROR: No anchor #4-virtual-ab for internal URI reference
ERROR: No anchor #5-payload-generation-ota_from_target_files for internal URI reference
ERROR: No anchor #5-payload-generation-ota_from_target_files for internal URI reference
ERROR: No anchor #6-the-client-api-updateengineapplypayload for internal URI reference
ERROR: No anchor #6-the-client-api-updateengineapplypayload for internal URI reference
ERROR: No anchor #7-what-the-server-side-must-provide for internal URI reference
ERROR: No anchor #8-why-native-only-on-device-may-suffice for internal URI reference
ERROR: No anchor #9-implications-for-helix-ota for internal URI reference
ERROR: No anchor #10-open-questions--unverified-items for internal URI reference
ERROR: No anchor #11-sources-consulted for internal URI reference
ERROR: No anchor #12-confidence for internal URI reference
  weasyprint OK -> docs/research/main_specs/research/stacks/aosp-update-engine.pdf
>>> docs/research/main_specs/research/stacks/commercial-oss-fleet.md
  pandoc OK -> docs/research/main_specs/research/stacks/commercial-oss-fleet.html
WARNING: Ignored `text-rendering: optimizeLegibility` at 18:7, unknown property.
WARNING: Expected a media type, got '(max-width: 600px)'
WARNING: Invalid media type ' (max-width: 600px) ' the whole @media rule was ignored at 21:5.
WARNING: Ignored `overflow-x: auto` at 116:7, unknown property.
WARNING: Ignored `gap: min(4vw, 1.5em)` at 152:32, invalid value.
WARNING: Ignored `overflow-x: auto` at 153:28, unknown property.
ERROR: No anchor #1-purpose-scope-method for internal URI reference
ERROR: No anchor #2-at-a-glance-comparison for internal URI reference
ERROR: No anchor #3-balena-balenacloud--openbalena for internal URI reference
ERROR: No anchor #4-toradex-torizon-torizon-cloud--ota-community-edition for internal URI reference
ERROR: No anchor #5-memfault-observability--ota for internal URI reference
ERROR: No anchor #6-foundriesio-foundriesfactory for internal URI reference
ERROR: No anchor #7-cross-cutting-themes for internal URI reference
ERROR: No anchor #8-lessons-to-copy-for-the-helix-control-plane for internal URI reference
ERROR: No anchor #9-lessons-for-telemetry--halt-on-failure for internal URI reference
ERROR: No anchor #10-anti-bluff-register-unverified--to-confirm for internal URI reference
ERROR: No anchor #11-sources-consulted for internal URI reference
  weasyprint OK -> docs/research/main_specs/research/stacks/commercial-oss-fleet.pdf
>>> docs/research/main_specs/research/stacks/eclipse-hawkbit.md
  pandoc OK -> docs/research/main_specs/research/stacks/eclipse-hawkbit.html
WARNING: Ignored `text-rendering: optimizeLegibility` at 18:7, unknown property.
WARNING: Expected a media type, got '(max-width: 600px)'
WARNING: Invalid media type ' (max-width: 600px) ' the whole @media rule was ignored at 21:5.
WARNING: Ignored `overflow-x: auto` at 116:7, unknown property.
WARNING: Ignored `gap: min(4vw, 1.5em)` at 152:32, invalid value.
WARNING: Ignored `overflow-x: auto` at 153:28, unknown property.
ERROR: No anchor #1-summary--confidence for internal URI reference
ERROR: No anchor #2-what-hawkbit-is for internal URI reference
ERROR: No anchor #3-architecture--the-three-apis for internal URI reference
ERROR: No anchor #4-domain-model for internal URI reference
ERROR: No anchor #5-rollouts-phased-deployment-with-successerror-thresholds for internal URI reference
ERROR: No anchor #6-database-support for internal URI reference
ERROR: No anchor #7-containerization--deployment-topology for internal URI reference
ERROR: No anchor #8-how-the-helix-go-control-plane-would-wrap-hawkbit for internal URI reference
ERROR: No anchor #9-android-15-device-fit-via-ddi for internal URI reference
ERROR: No anchor #10-pros--cons-for-helix for internal URI reference
ERROR: No anchor #11-open-questions--unverified-items for internal URI reference
ERROR: No anchor #12-sources-consulted for internal URI reference
  weasyprint OK -> docs/research/main_specs/research/stacks/eclipse-hawkbit.pdf
>>> docs/research/main_specs/research/stacks/mender.md
  pandoc OK -> docs/research/main_specs/research/stacks/mender.html
WARNING: Ignored `text-rendering: optimizeLegibility` at 18:7, unknown property.
WARNING: Expected a media type, got '(max-width: 600px)'
WARNING: Invalid media type ' (max-width: 600px) ' the whole @media rule was ignored at 21:5.
WARNING: Ignored `overflow-x: auto` at 116:7, unknown property.
WARNING: Ignored `gap: min(4vw, 1.5em)` at 152:32, invalid value.
WARNING: Ignored `overflow-x: auto` at 153:28, unknown property.
ERROR: No anchor #1-summary--verdict for internal URI reference
ERROR: No anchor #2-what-mender-is for internal URI reference
ERROR: No anchor #3-client-architecture for internal URI reference
ERROR: No anchor #4-server-architecture for internal URI reference
ERROR: No anchor #5-ab-updates--delta-updates for internal URI reference
ERROR: No anchor #6-phased-deployments--fleet-orchestration for internal URI reference
ERROR: No anchor #7-android-support--the-reality for internal URI reference
ERROR: No anchor #8-client-language--coupling for internal URI reference
ERROR: No anchor #9-licensing-open-source-vs-commercial for internal URI reference
ERROR: No anchor #10-fit-for-helix for internal URI reference
ERROR: No anchor #11-confidence--open-questions for internal URI reference
ERROR: No anchor #12-sources-consulted for internal URI reference
  weasyprint OK -> docs/research/main_specs/research/stacks/mender.pdf
>>> docs/research/main_specs/research/stacks/ostree.md
  pandoc OK -> docs/research/main_specs/research/stacks/ostree.html
WARNING: Ignored `text-rendering: optimizeLegibility` at 18:7, unknown property.
WARNING: Expected a media type, got '(max-width: 600px)'
WARNING: Invalid media type ' (max-width: 600px) ' the whole @media rule was ignored at 21:5.
WARNING: Ignored `overflow-x: auto` at 116:7, unknown property.
WARNING: Ignored `gap: min(4vw, 1.5em)` at 152:32, invalid value.
WARNING: Ignored `overflow-x: auto` at 153:28, unknown property.
ERROR: No anchor #1-scope--relevance-to-helix for internal URI reference
ERROR: No anchor #2-what-ostree-is-mechanism for internal URI reference
ERROR: No anchor #3-file-based-atomic-deployments for internal URI reference
ERROR: No anchor #4-pinning--rollback for internal URI reference
ERROR: No anchor #5-static-deltas for internal URI reference
ERROR: No anchor #6-server-side for internal URI reference
ERROR: No anchor #7-rpm-ostree--bootc for internal URI reference
ERROR: No anchor #8-ostree-vs-ab-and-why-it-matters-for-helix for internal URI reference
ERROR: No anchor #9-android-fit for internal URI reference
ERROR: No anchor #10-go-control-plane-fit--wrapability for internal URI reference
ERROR: No anchor #11-license--maturity for internal URI reference
ERROR: No anchor #12-pros--cons-for-helix for internal URI reference
ERROR: No anchor #13-recommendation for internal URI reference
ERROR: No anchor #14-sources-consulted for internal URI reference
ERROR: No anchor #15-confidence for internal URI reference
  weasyprint OK -> docs/research/main_specs/research/stacks/ostree.pdf
>>> docs/research/main_specs/research/stacks/rauc.md
  pandoc OK -> docs/research/main_specs/research/stacks/rauc.html
WARNING: Ignored `text-rendering: optimizeLegibility` at 18:7, unknown property.
WARNING: Expected a media type, got '(max-width: 600px)'
WARNING: Invalid media type ' (max-width: 600px) ' the whole @media rule was ignored at 21:5.
WARNING: Ignored `overflow-x: auto` at 116:7, unknown property.
WARNING: Ignored `gap: min(4vw, 1.5em)` at 152:32, invalid value.
WARNING: Ignored `overflow-x: auto` at 153:28, unknown property.
ERROR: No anchor #1-scope--relevance-to-helix for internal URI reference
ERROR: No anchor #2-what-rauc-is-snapshot for internal URI reference
ERROR: No anchor #3-ab-slot-model--bundle-format for internal URI reference
ERROR: No anchor #4-x509--cms-signature-verification for internal URI reference
ERROR: No anchor #5-http-streaming-installation for internal URI reference
ERROR: No anchor #6-d-bus-control-surface for internal URI reference
ERROR: No anchor #7-bootloader-support for internal URI reference
ERROR: No anchor #8-go-control-plane-fit for internal URI reference
ERROR: No anchor #9-android-fit for internal URI reference
ERROR: No anchor #10-wrappability-assessment for internal URI reference
ERROR: No anchor #11-pros--cons--risks for internal URI reference
ERROR: No anchor #12-recommendation for internal URI reference
ERROR: No anchor #13-sources-consulted for internal URI reference
  weasyprint OK -> docs/research/main_specs/research/stacks/rauc.pdf
>>> docs/research/main_specs/research/stacks/swupdate.md
  pandoc OK -> docs/research/main_specs/research/stacks/swupdate.html
WARNING: Ignored `text-rendering: optimizeLegibility` at 18:7, unknown property.
WARNING: Expected a media type, got '(max-width: 600px)'
WARNING: Invalid media type ' (max-width: 600px) ' the whole @media rule was ignored at 21:5.
WARNING: Ignored `overflow-x: auto` at 116:7, unknown property.
WARNING: Ignored `gap: min(4vw, 1.5em)` at 152:32, invalid value.
WARNING: Ignored `overflow-x: auto` at 153:28, unknown property.
ERROR: No anchor #1-scope--relevance-to-helix for internal URI reference
ERROR: No anchor #2-what-swupdate-is-snapshot for internal URI reference
ERROR: No anchor #3-the-swu-package-format for internal URI reference
ERROR: No anchor #3-the-swu-package-format for internal URI reference
ERROR: No anchor #4-sw-description-and-the-lua-parser for internal URI reference
ERROR: No anchor #4-sw-description-and-the-lua-parser for internal URI reference
ERROR: No anchor #5-handlers-c-and-lua--storage-backends for internal URI reference
ERROR: No anchor #6-ab-double-copy--bootloader-env for internal URI reference
ERROR: No anchor #7-streaming-installation for internal URI reference
ERROR: No anchor #8-suricatta-hawkbit--the-control-plane-question for internal URI reference
ERROR: No anchor #9-delta--incremental-updates for internal URI reference
ERROR: No anchor #10-security-signing--verification for internal URI reference
ERROR: No anchor #11-android-fit--go-control-plane-fit for internal URI reference
ERROR: No anchor #12-wrappability-for-helix for internal URI reference
ERROR: No anchor #13-scorability-15-landscape-matrix for internal URI reference
ERROR: No anchor #14-pros--cons--risks--recommendation for internal URI reference
ERROR: No anchor #15-sources-consulted for internal URI reference
ERROR: No anchor #16-confidence for internal URI reference
  weasyprint OK -> docs/research/main_specs/research/stacks/swupdate.pdf
>>> docs/research/main_specs/research/stacks/tuf-go-tuf.md
  pandoc OK -> docs/research/main_specs/research/stacks/tuf-go-tuf.html
WARNING: Ignored `text-rendering: optimizeLegibility` at 18:7, unknown property.
WARNING: Expected a media type, got '(max-width: 600px)'
WARNING: Invalid media type ' (max-width: 600px) ' the whole @media rule was ignored at 21:5.
WARNING: Ignored `overflow-x: auto` at 116:7, unknown property.
WARNING: Ignored `gap: min(4vw, 1.5em)` at 152:32, invalid value.
WARNING: Ignored `overflow-x: auto` at 153:28, unknown property.
ERROR: No anchor #1-scope--question for internal URI reference
ERROR: No anchor #2-what-tuf-is for internal URI reference
ERROR: No anchor #3-the-four-top-level-roles for internal URI reference
ERROR: No anchor #4-attack-classes-mitigated for internal URI reference
ERROR: No anchor #5-go-tufv2--facts-maturity-api-surface for internal URI reference
ERROR: No anchor #6-how-tuf-layers-over-signed-ota-artifacts for internal URI reference
ERROR: No anchor #7-effort-to-adopt-in-helix-ota for internal URI reference
ERROR: No anchor #8-risks-gaps--open-questions for internal URI reference
ERROR: No anchor #9-recommendation for internal URI reference
ERROR: No anchor #10-sources for internal URI reference
  weasyprint OK -> docs/research/main_specs/research/stacks/tuf-go-tuf.pdf
>>> docs/research/main_specs/research/stacks/uptane.md
  pandoc OK -> docs/research/main_specs/research/stacks/uptane.html
WARNING: Ignored `text-rendering: optimizeLegibility` at 18:7, unknown property.
WARNING: Expected a media type, got '(max-width: 600px)'
WARNING: Invalid media type ' (max-width: 600px) ' the whole @media rule was ignored at 21:5.
WARNING: Ignored `overflow-x: auto` at 116:7, unknown property.
WARNING: Ignored `gap: min(4vw, 1.5em)` at 152:32, invalid value.
WARNING: Ignored `overflow-x: auto` at 153:28, unknown property.
ERROR: No anchor #1-scope--question for internal URI reference
ERROR: No anchor #2-what-uptane-is for internal URI reference
ERROR: No anchor #3-standard-versions--governance for internal URI reference
ERROR: No anchor #4-architecture-director--image-repositories for internal URI reference
ERROR: No anchor #5-roles-metadata--verification-full-vs-partial for internal URI reference
ERROR: No anchor #6-primary--secondary-ecu-model for internal URI reference
ERROR: No anchor #7-threat-model for internal URI reference
ERROR: No anchor #8-reference-implementations--ecosystem for internal URI reference
ERROR: No anchor #9-relevance-to-helix-ota-android-fleet for internal URI reference
ERROR: No anchor #10-recommendation for internal URI reference
ERROR: No anchor #11-sources-consulted for internal URI reference
ERROR: No anchor #12-confidence--verification-notes for internal URI reference
  weasyprint OK -> docs/research/main_specs/research/stacks/uptane.pdf
generation loop done

--- FAIL grep ---

--- file-verify of generated siblings ---
HTML: HTML document text, Unicode text, UTF-8 text :: docs/research/main_specs/00-master/2026-06-07-helix-ota-design.html
PDF : PDF document, version 1.7 :: docs/research/main_specs/00-master/2026-06-07-helix-ota-design.pdf
HTML: HTML document text, Unicode text, UTF-8 text :: docs/research/main_specs/00-master/adr_index.html
PDF : PDF document, version 1.7 :: docs/research/main_specs/00-master/adr_index.pdf
HTML: HTML document text, Unicode text, UTF-8 text, with very long lines (854) :: docs/research/main_specs/00-master/diagrams/README.html
PDF : PDF document, version 1.7 :: docs/research/main_specs/00-master/diagrams/README.pdf
HTML: HTML document text, Unicode text, UTF-8 text :: docs/research/main_specs/00-master/documentation_standards.html
PDF : PDF document, version 1.7 :: docs/research/main_specs/00-master/documentation_standards.pdf
HTML: HTML document text, Unicode text, UTF-8 text :: docs/research/main_specs/00-master/export_pipeline.html
PDF : PDF document, version 1.7 :: docs/research/main_specs/00-master/export_pipeline.pdf
HTML: HTML document text, Unicode text, UTF-8 text :: docs/research/main_specs/00-master/glossary.html
PDF : PDF document, version 1.7 :: docs/research/main_specs/00-master/glossary.pdf
HTML: HTML document text, Unicode text, UTF-8 text :: docs/research/main_specs/00-master/requirements_traceability.html
PDF : PDF document, version 1.7 :: docs/research/main_specs/00-master/requirements_traceability.pdf
HTML: HTML document text, Unicode text, UTF-8 text :: docs/research/main_specs/00-master/submodule_reuse_map.html
PDF : PDF document, version 1.7 :: docs/research/main_specs/00-master/submodule_reuse_map.pdf
HTML: HTML document text, Unicode text, UTF-8 text :: docs/research/main_specs/1.0.0-mvp/VALIDATION_EVIDENCE.html
PDF : PDF document, version 1.7 :: docs/research/main_specs/1.0.0-mvp/VALIDATION_EVIDENCE.pdf
HTML: HTML document text, Unicode text, UTF-8 text, with very long lines (466) :: docs/research/main_specs/1.0.0-mvp/api/endpoints.html
PDF : PDF document, version 1.7 :: docs/research/main_specs/1.0.0-mvp/api/endpoints.pdf
HTML: HTML document text, Unicode text, UTF-8 text :: docs/research/main_specs/1.0.0-mvp/client_android/build_integration.html
PDF : PDF document, version 1.7 :: docs/research/main_specs/1.0.0-mvp/client_android/build_integration.pdf
HTML: HTML document text, Unicode text, UTF-8 text :: docs/research/main_specs/1.0.0-mvp/client_android/integration_guide.html
PDF : PDF document, version 1.7 :: docs/research/main_specs/1.0.0-mvp/client_android/integration_guide.pdf
HTML: HTML document text, Unicode text, UTF-8 text, with very long lines (480) :: docs/research/main_specs/1.0.0-mvp/client_android/update_engine_integration.html
PDF : PDF document, version 1.7 :: docs/research/main_specs/1.0.0-mvp/client_android/update_engine_integration.pdf
HTML: HTML document text, Unicode text, UTF-8 text :: docs/research/main_specs/1.0.0-mvp/database/schema.html
PDF : PDF document, version 1.7 :: docs/research/main_specs/1.0.0-mvp/database/schema.pdf
HTML: HTML document text, Unicode text, UTF-8 text, with very long lines (363) :: docs/research/main_specs/1.0.0-mvp/deployment/minio_setup.html
PDF : PDF document, version 1.7 :: docs/research/main_specs/1.0.0-mvp/deployment/minio_setup.pdf
HTML: HTML document text, Unicode text, UTF-8 text :: docs/research/main_specs/1.0.0-mvp/deployment/overview.html
PDF : PDF document, version 1.7 :: docs/research/main_specs/1.0.0-mvp/deployment/overview.pdf
HTML: HTML document text, Unicode text, UTF-8 text :: docs/research/main_specs/1.0.0-mvp/security/key_management.html
PDF : PDF document, version 1.7 :: docs/research/main_specs/1.0.0-mvp/security/key_management.pdf
HTML: HTML document text, Unicode text, UTF-8 text :: docs/research/main_specs/1.0.0-mvp/security/signing_verification.html
PDF : PDF document, version 1.7 :: docs/research/main_specs/1.0.0-mvp/security/signing_verification.pdf
HTML: HTML document text, Unicode text, UTF-8 text :: docs/research/main_specs/1.0.0-mvp/security/transport_security.html
PDF : PDF document, version 1.7 :: docs/research/main_specs/1.0.0-mvp/security/transport_security.pdf
HTML: HTML document text, Unicode text, UTF-8 text :: docs/research/main_specs/1.0.0-mvp/server/architecture.html
PDF : PDF document, version 1.7 :: docs/research/main_specs/1.0.0-mvp/server/architecture.pdf
HTML: HTML document text, Unicode text, UTF-8 text :: docs/research/main_specs/1.0.0-mvp/server/artifact_validation.html
PDF : PDF document, version 1.7 :: docs/research/main_specs/1.0.0-mvp/server/artifact_validation.pdf
HTML: HTML document text, Unicode text, UTF-8 text :: docs/research/main_specs/1.0.0-mvp/server/telemetry_processing.html
PDF : PDF document, version 1.7 :: docs/research/main_specs/1.0.0-mvp/server/telemetry_processing.pdf
HTML: HTML document text, Unicode text, UTF-8 text :: docs/research/main_specs/1.0.0-mvp/tests/test_strategy.html
PDF : PDF document, version 1.7 :: docs/research/main_specs/1.0.0-mvp/tests/test_strategy.pdf
HTML: HTML document text, Unicode text, UTF-8 text :: docs/research/main_specs/1.X-linux/README.html
PDF : PDF document, version 1.7 :: docs/research/main_specs/1.X-linux/README.pdf
HTML: HTML document text, Unicode text, UTF-8 text :: docs/research/main_specs/1.X-other-os/README.html
PDF : PDF document, version 1.7 :: docs/research/main_specs/1.X-other-os/README.pdf
HTML: HTML document text, Unicode text, UTF-8 text :: docs/research/main_specs/1.X-windows/README.html
PDF : PDF document, version 1.7 :: docs/research/main_specs/1.X-windows/README.pdf
HTML: HTML document text, Unicode text, UTF-8 text :: docs/research/main_specs/CONTINUATION.html
PDF : PDF document, version 1.7 :: docs/research/main_specs/CONTINUATION.pdf
HTML: HTML document text, Unicode text, UTF-8 text :: docs/research/main_specs/README.html
PDF : PDF document, version 1.7 :: docs/research/main_specs/README.pdf
HTML: HTML document text, Unicode text, UTF-8 text :: docs/research/main_specs/research/adr/adr-0001-wrapped-engine.html
PDF : PDF document, version 1.7 :: docs/research/main_specs/research/adr/adr-0001-wrapped-engine.pdf
HTML: HTML document text, Unicode text, UTF-8 text :: docs/research/main_specs/research/adr/adr-0002-supply-chain-trust.html
PDF : PDF document, version 1.7 :: docs/research/main_specs/research/adr/adr-0002-supply-chain-trust.pdf
HTML: HTML document text, Unicode text, UTF-8 text :: docs/research/main_specs/research/adr/adr-0003-server-topology.html
PDF : PDF document, version 1.7 :: docs/research/main_specs/research/adr/adr-0003-server-topology.pdf
HTML: HTML document text, Unicode text, UTF-8 text :: docs/research/main_specs/research/adr/adr-0004-transport.html
PDF : PDF document, version 1.7 :: docs/research/main_specs/research/adr/adr-0004-transport.pdf
HTML: HTML document text, Unicode text, UTF-8 text :: docs/research/main_specs/research/adr/adr-0005-delta-updates.html
PDF : PDF document, version 1.7 :: docs/research/main_specs/research/adr/adr-0005-delta-updates.pdf
HTML: HTML document text, Unicode text, UTF-8 text :: docs/research/main_specs/research/ota_landscape_report.html
PDF : PDF document, version 1.7 :: docs/research/main_specs/research/ota_landscape_report.pdf
HTML: HTML document text, Unicode text, UTF-8 text :: docs/research/main_specs/research/stacks/android-avb-rollback.html
PDF : PDF document, version 1.7 :: docs/research/main_specs/research/stacks/android-avb-rollback.pdf
HTML: HTML document text, Unicode text, UTF-8 text, with very long lines (478) :: docs/research/main_specs/research/stacks/android-update-engine-api.html
PDF : PDF document, version 1.7 :: docs/research/main_specs/research/stacks/android-update-engine-api.pdf
HTML: HTML document text, Unicode text, UTF-8 text, with very long lines (449) :: docs/research/main_specs/research/stacks/android15-virtual-ab.html
PDF : PDF document, version 1.7 :: docs/research/main_specs/research/stacks/android15-virtual-ab.pdf
HTML: HTML document text, Unicode text, UTF-8 text :: docs/research/main_specs/research/stacks/aosp-update-engine.html
PDF : PDF document, version 1.7 :: docs/research/main_specs/research/stacks/aosp-update-engine.pdf
HTML: HTML document text, Unicode text, UTF-8 text :: docs/research/main_specs/research/stacks/commercial-oss-fleet.html
PDF : PDF document, version 1.7 :: docs/research/main_specs/research/stacks/commercial-oss-fleet.pdf
HTML: HTML document text, Unicode text, UTF-8 text :: docs/research/main_specs/research/stacks/eclipse-hawkbit.html
PDF : PDF document, version 1.7 :: docs/research/main_specs/research/stacks/eclipse-hawkbit.pdf
HTML: HTML document text, Unicode text, UTF-8 text :: docs/research/main_specs/research/stacks/mender.html
PDF : PDF document, version 1.7 :: docs/research/main_specs/research/stacks/mender.pdf
HTML: HTML document text, Unicode text, UTF-8 text :: docs/research/main_specs/research/stacks/ostree.html
PDF : PDF document, version 1.7 :: docs/research/main_specs/research/stacks/ostree.pdf
HTML: HTML document text, Unicode text, UTF-8 text :: docs/research/main_specs/research/stacks/rauc.html
PDF : PDF document, version 1.7 :: docs/research/main_specs/research/stacks/rauc.pdf
HTML: HTML document text, Unicode text, UTF-8 text :: docs/research/main_specs/research/stacks/swupdate.html
PDF : PDF document, version 1.7 :: docs/research/main_specs/research/stacks/swupdate.pdf
HTML: HTML document text, Unicode text, UTF-8 text :: docs/research/main_specs/research/stacks/tuf-go-tuf.html
PDF : PDF document, version 1.7 :: docs/research/main_specs/research/stacks/tuf-go-tuf.pdf
HTML: HTML document text, Unicode text, UTF-8 text :: docs/research/main_specs/research/stacks/uptane.html
PDF : PDF document, version 1.7 :: docs/research/main_specs/research/stacks/uptane.pdf
