# Helix OTA — HTTP/3 + HTTP/2 dual transport + Brotli evidence
Run: 2026-06-08T09:39:49Z  host: Darwin 24.5.0 arm64  go: go1.26.2
----------------------------------------------------------------
## Dual transport (real HTTP/3 QUIC client + real HTTP/2 fallback client)
=== RUN   TestDualTransportServesH3AndH2
2026/06/08 14:39:51 http: TLS handshake error from 127.0.0.1:62316: EOF
--- PASS: TestDualTransportServesH3AndH2 (0.03s)
PASS
ok  	github.com/HelixDevelopment/helix_ota/server/internal/transport	1.281s
## Brotli -> gzip -> identity negotiation
=== RUN   TestCompressionNegotiatesBrotli
--- PASS: TestCompressionNegotiatesBrotli (0.00s)
=== RUN   TestCompressionFallsBackToGzip
--- PASS: TestCompressionFallsBackToGzip (0.00s)
=== RUN   TestCompressionGzipWhenNoBrotli
--- PASS: TestCompressionGzipWhenNoBrotli (0.00s)
=== RUN   TestCompressionIdentityFallback
--- PASS: TestCompressionIdentityFallback (0.00s)
=== RUN   TestCompression204NoBodyNotEncoded
--- PASS: TestCompression204NoBodyNotEncoded (0.00s)
PASS
ok  	github.com/HelixDevelopment/helix_ota/server/internal/api	0.393s
