== Helix OTA SIGNED artifact-pipeline E2E ==
base_url=http://127.0.0.1:8080 run=pipe-1781088347-97128 evidence=/Volumes/T7/Projects/helix_ota/tests/e2e/PIPELINE_EVIDENCE.txt
started: 2026-06-10T10:45:47Z

openssl: OpenSSL 3.6.2 7 Apr 2026 (Library: OpenSSL 3.6.2 7 Apr 2026)
[PASS] generated ephemeral ed25519 keypair (raw pubkey 32 bytes, base64 configured)
building ota-server (go build ./cmd/ota-server) ...
[PASS] go build ./cmd/ota-server succeeded
server pid=97182 (port 8080), waiting for readiness ...
[PASS] ota-server healthy on http://127.0.0.1:8080/healthz (HELIX_ARTIFACT_PUBKEY configured)
[PASS] POST /auth/login (HTTP 200)
[PASS] obtained admin access token
[PASS] anti-bluff: a bogus signature is rejected 422 SIGNATURE_INVALID (server really verifies)
[PASS] POST /artifacts/upload (signed BASE v1.0.0) (HTTP 201)
[PASS] BASE artifact .verified == true
      base_artifact_id=05902abe097bdd61403ac561987ca986 sha256=a62522077804e32f85a5ad19d32f3c09cbd5ce65a3d3463471077637a9231b46
[PASS] POST /artifacts/upload (signed TARGET v1.1.0) (HTTP 201)
[PASS] TARGET artifact .verified == true
      target_artifact_id=877e721d490d7c7fc8171bb27b5decae sha256=3c38fe5d981ba0ad88b5e60fcb25b53fb96598aba26880244ec3fbad6b07149f
[PASS] GET /artifacts/{id} (target) (HTTP 200)
[PASS] GET artifact echoes target artifact_id
[PASS] POST /releases (BASE v1.0.0) (HTTP 201)
      base_release_id=8f512260b6d0a1db58080e8de938c64c
[PASS] POST /releases (TARGET v1.1.0) (HTTP 201)
      target_release_id=661481fd2bc788ba8da12ce82dac284b
[PASS] POST /devices/register (device on 1.0.0) (HTTP 201)
      device_id=b653c950825004150deb1b23c6c8c687
[PASS] POST /deployments (target release) (HTTP 201)
      deployment_id=25be8b9d7ec693ad001d2cd10bd297bc target_count=1
[PASS] POST /deployments/{id}/rollout (create) (HTTP 201)
[PASS] rollout state echoes deployment_id
[PASS] GET /deployments/{id}/rollout (HTTP 200)
[PASS] POST /deployments/{id}/rollout/evaluate (HTTP 200)
[PASS] rollout evaluate returned decision action: advance
[PASS] POST /deltas (register base->target delta) (HTTP 201)
[PASS] delta echoes base_artifact_id
      delta_id=fd8b9c01409382f0e1778fedaee16d84
[PASS] GET /client/update (device on 1.0.0 -> sees 1.1.0) (HTTP 200)
[PASS] update-check offers version 1.1.0
[PASS] update-check release_id matches target release
[PASS] update-check carries the artifact sha256
[PASS] update-check carries the artifact signature
[PASS] update-check INCLUDES a .delta block (delta-bearing update reached)
[PASS] delta.base_version == 1.0.0 (the device's current)
[PASS] delta.sha256 matches the registered delta
      DELTA-BEARING UPDATE BODY: {"version":"1.1.0","release_id":"661481fd2bc788ba8da12ce82dac284b","sha256":"3c38fe5d981ba0ad88b5e60fcb25b53fb96598aba26880244ec3fbad6b07149f","delta":{"base_version":"1.0.0","url":"https://artifacts.helix.example/fd8b9c01409382f0e1778fedaee16d84.zip","size":4096,"sha256":"bc7c3e6b489dd5dab45c918ebe873d94e2b15579eda94d727d784c912292c3ae"}}
[PASS] GET /client/update (device already on 1.1.0 -> 204 no-content) (HTTP 204)

finished: 2026-06-10T10:45:49Z
== summary: 32 passed, 0 failed, 0 skipped ==
RESULT: PASS
